{"/opt/briskhome/src/core.bus/index.js": {"path":"/opt/briskhome/src/core.bus/index.js","statementMap":{"0":{"start":{"line":10,"column":14},"end":{"line":10,"column":27}},"1":{"start":{"line":11,"column":14},"end":{"line":16,"column":4}},"2":{"start":{"line":18,"column":2},"end":{"line":20,"column":5}},"3":{"start":{"line":19,"column":4},"end":{"line":19,"column":43}},"4":{"start":{"line":22,"column":2},"end":{"line":24,"column":5}},"5":{"start":{"line":23,"column":4},"end":{"line":23,"column":43}},"6":{"start":{"line":26,"column":2},"end":{"line":30,"column":5}},"7":{"start":{"line":27,"column":4},"end":{"line":29,"column":25}},"8":{"start":{"line":28,"column":6},"end":{"line":28,"column":33}},"9":{"start":{"line":32,"column":2},"end":{"line":32,"column":26}}},"fnMap":{"0":{"name":"(anonymous_0)","decl":{"start":{"line":9,"column":15},"end":{"line":9,"column":16}},"loc":{"start":{"line":9,"column":82},"end":{"line":33,"column":1}},"line":9},"1":{"name":"coreEvent","decl":{"start":{"line":18,"column":34},"end":{"line":18,"column":43}},"loc":{"start":{"line":18,"column":53},"end":{"line":20,"column":3}},"line":18},"2":{"name":"coreEvent","decl":{"start":{"line":22,"column":29},"end":{"line":22,"column":38}},"loc":{"start":{"line":22,"column":48},"end":{"line":24,"column":3}},"line":22},"3":{"name":"(anonymous_3)","decl":{"start":{"line":26,"column":23},"end":{"line":26,"column":24}},"loc":{"start":{"line":26,"column":29},"end":{"line":30,"column":3}},"line":26},"4":{"name":"(anonymous_4)","decl":{"start":{"line":27,"column":16},"end":{"line":27,"column":17}},"loc":{"start":{"line":27,"column":22},"end":{"line":29,"column":5}},"line":27}},"branchMap":{},"s":{"0":1,"1":1,"2":1,"3":0,"4":1,"5":0,"6":1,"7":0,"8":0,"9":1},"f":{"0":1,"1":0,"2":0,"3":0,"4":0},"b":{},"_coverageSchema":"332fd63041d2c1bcb487cc26dd0d5f7d97098a6c","hash":"27f8e423e3f7aeb848db7d3c044b5fa554f70696"}
,"/opt/briskhome/src/core.config/index.js": {"path":"/opt/briskhome/src/core.config/index.js","statementMap":{"0":{"start":{"line":14,"column":16},"end":{"line":20,"column":4}},"1":{"start":{"line":14,"column":43},"end":{"line":20,"column":4}},"2":{"start":{"line":22,"column":20},"end":{"line":26,"column":4}},"3":{"start":{"line":22,"column":47},"end":{"line":26,"column":4}},"4":{"start":{"line":28,"column":2},"end":{"line":28,"column":14}},"5":{"start":{"line":29,"column":2},"end":{"line":38,"column":4}},"6":{"start":{"line":30,"column":19},"end":{"line":37,"column":6}},"7":{"start":{"line":40,"column":2},"end":{"line":46,"column":5}},"8":{"start":{"line":42,"column":7},"end":{"line":44,"column":50}}},"fnMap":{"0":{"name":"(anonymous_0)","decl":{"start":{"line":13,"column":15},"end":{"line":13,"column":16}},"loc":{"start":{"line":13,"column":82},"end":{"line":47,"column":1}},"line":13},"1":{"name":"(anonymous_1)","decl":{"start":{"line":14,"column":16},"end":{"line":14,"column":17}},"loc":{"start":{"line":14,"column":43},"end":{"line":20,"column":4}},"line":14},"2":{"name":"(anonymous_2)","decl":{"start":{"line":22,"column":20},"end":{"line":22,"column":21}},"loc":{"start":{"line":22,"column":47},"end":{"line":26,"column":4}},"line":22},"3":{"name":"(anonymous_3)","decl":{"start":{"line":30,"column":9},"end":{"line":30,"column":10}},"loc":{"start":{"line":30,"column":19},"end":{"line":37,"column":6}},"line":30},"4":{"name":"(anonymous_4)","decl":{"start":{"line":41,"column":12},"end":{"line":41,"column":13}},"loc":{"start":{"line":42,"column":7},"end":{"line":44,"column":50}},"line":42}},"branchMap":{"0":{"loc":{"start":{"line":29,"column":35},"end":{"line":29,"column":71}},"type":"binary-expr","locations":[{"start":{"line":29,"column":35},"end":{"line":29,"column":56}},{"start":{"line":29,"column":60},"end":{"line":29,"column":71}}],"line":29},"1":{"loc":{"start":{"line":42,"column":7},"end":{"line":44,"column":50}},"type":"cond-expr","locations":[{"start":{"line":43,"column":10},"end":{"line":43,"column":43}},{"start":{"line":44,"column":10},"end":{"line":44,"column":50}}],"line":42}},"s":{"0":2,"1":0,"2":2,"3":0,"4":2,"5":2,"6":4,"7":2,"8":2},"f":{"0":2,"1":0,"2":0,"3":4,"4":2},"b":{"0":[2,2],"1":[0,2]},"_coverageSchema":"332fd63041d2c1bcb487cc26dd0d5f7d97098a6c","hash":"696b766deef790de6f229d4f95241d4b090b3c72"}
,"/opt/briskhome/src/core.log/index.js": {"path":"/opt/briskhome/src/core.log/index.js","statementMap":{"0":{"start":{"line":11,"column":14},"end":{"line":17,"column":4}},"1":{"start":{"line":19,"column":2},"end":{"line":27,"column":5}},"2":{"start":{"line":21,"column":20},"end":{"line":23,"column":8}},"3":{"start":{"line":24,"column":6},"end":{"line":24,"column":63}},"4":{"start":{"line":25,"column":6},"end":{"line":25,"column":19}}},"fnMap":{"0":{"name":"(anonymous_0)","decl":{"start":{"line":10,"column":15},"end":{"line":10,"column":16}},"loc":{"start":{"line":10,"column":82},"end":{"line":28,"column":1}},"line":10},"1":{"name":"(anonymous_1)","decl":{"start":{"line":20,"column":9},"end":{"line":20,"column":10}},"loc":{"start":{"line":20,"column":28},"end":{"line":26,"column":5}},"line":20}},"branchMap":{"0":{"loc":{"start":{"line":22,"column":19},"end":{"line":22,"column":53}},"type":"binary-expr","locations":[{"start":{"line":22,"column":19},"end":{"line":22,"column":23}},{"start":{"line":22,"column":27},"end":{"line":22,"column":53}}],"line":22}},"s":{"0":2,"1":2,"2":1,"3":1,"4":1},"f":{"0":2,"1":1},"b":{"0":[1,1]},"_coverageSchema":"332fd63041d2c1bcb487cc26dd0d5f7d97098a6c","hash":"79b3118f06d83fd5cfeb70872f430f6fa220d55f"}
,"/opt/briskhome/src/core.notifications/constants.js": {"path":"/opt/briskhome/src/core.notifications/constants.js","statementMap":{"0":{"start":{"line":1,"column":0},"end":{"line":14,"column":2}}},"fnMap":{},"branchMap":{},"s":{"0":1},"f":{},"b":{},"_coverageSchema":"332fd63041d2c1bcb487cc26dd0d5f7d97098a6c","hash":"79624ec1422ad67c78d196d70b8cb0512706703b"}
,"/opt/briskhome/src/core.notifications/index.js": {"path":"/opt/briskhome/src/core.notifications/index.js","statementMap":{"0":{"start":{"line":29,"column":13},"end":{"line":29,"column":23}},"1":{"start":{"line":30,"column":14},"end":{"line":30,"column":25}},"2":{"start":{"line":31,"column":14},"end":{"line":31,"column":27}},"3":{"start":{"line":33,"column":37},"end":{"line":33,"column":59}},"4":{"start":{"line":34,"column":35},"end":{"line":34,"column":56}},"5":{"start":{"line":40,"column":4},"end":{"line":40,"column":24}},"6":{"start":{"line":42,"column":4},"end":{"line":42,"column":16}},"7":{"start":{"line":45,"column":2},"end":{"line":52,"column":4}},"8":{"start":{"line":54,"column":2},"end":{"line":57,"column":4}},"9":{"start":{"line":69,"column":2},"end":{"line":103,"column":4}},"10":{"start":{"line":71,"column":38},"end":{"line":71,"column":42}},"11":{"start":{"line":72,"column":22},"end":{"line":72,"column":33}},"12":{"start":{"line":75,"column":4},"end":{"line":80,"column":5}},"13":{"start":{"line":76,"column":6},"end":{"line":76,"column":45}},"14":{"start":{"line":78,"column":6},"end":{"line":78,"column":55}},"15":{"start":{"line":79,"column":6},"end":{"line":79,"column":19}},"16":{"start":{"line":82,"column":4},"end":{"line":85,"column":5}},"17":{"start":{"line":83,"column":6},"end":{"line":83,"column":51}},"18":{"start":{"line":84,"column":6},"end":{"line":84,"column":89}},"19":{"start":{"line":84,"column":36},"end":{"line":84,"column":87}},"20":{"start":{"line":87,"column":4},"end":{"line":100,"column":5}},"21":{"start":{"line":89,"column":6},"end":{"line":89,"column":61}},"22":{"start":{"line":90,"column":6},"end":{"line":90,"column":48}},"23":{"start":{"line":92,"column":6},"end":{"line":92,"column":67}},"24":{"start":{"line":93,"column":6},"end":{"line":99,"column":7}},"25":{"start":{"line":94,"column":8},"end":{"line":94,"column":27}},"26":{"start":{"line":95,"column":8},"end":{"line":95,"column":52}},"27":{"start":{"line":97,"column":8},"end":{"line":97,"column":60}},"28":{"start":{"line":98,"column":8},"end":{"line":98,"column":21}},"29":{"start":{"line":102,"column":4},"end":{"line":102,"column":16}},"30":{"start":{"line":115,"column":2},"end":{"line":138,"column":4}},"31":{"start":{"line":117,"column":34},"end":{"line":117,"column":38}},"32":{"start":{"line":118,"column":19},"end":{"line":118,"column":46}},"33":{"start":{"line":121,"column":4},"end":{"line":126,"column":5}},"34":{"start":{"line":122,"column":6},"end":{"line":122,"column":55}},"35":{"start":{"line":124,"column":6},"end":{"line":124,"column":59}},"36":{"start":{"line":125,"column":6},"end":{"line":125,"column":19}},"37":{"start":{"line":128,"column":4},"end":{"line":128,"column":54}},"38":{"start":{"line":129,"column":4},"end":{"line":129,"column":39}},"39":{"start":{"line":130,"column":4},"end":{"line":135,"column":5}},"40":{"start":{"line":131,"column":6},"end":{"line":131,"column":24}},"41":{"start":{"line":133,"column":6},"end":{"line":133,"column":59}},"42":{"start":{"line":134,"column":6},"end":{"line":134,"column":19}},"43":{"start":{"line":137,"column":4},"end":{"line":137,"column":16}},"44":{"start":{"line":149,"column":2},"end":{"line":181,"column":4}},"45":{"start":{"line":151,"column":34},"end":{"line":151,"column":38}},"46":{"start":{"line":156,"column":4},"end":{"line":162,"column":5}},"47":{"start":{"line":157,"column":6},"end":{"line":157,"column":55}},"48":{"start":{"line":158,"column":6},"end":{"line":158,"column":65}},"49":{"start":{"line":160,"column":6},"end":{"line":160,"column":61}},"50":{"start":{"line":161,"column":6},"end":{"line":161,"column":19}},"51":{"start":{"line":165,"column":18},"end":{"line":165,"column":53}},"52":{"start":{"line":166,"column":4},"end":{"line":166,"column":40}},"53":{"start":{"line":167,"column":4},"end":{"line":167,"column":39}},"54":{"start":{"line":169,"column":4},"end":{"line":174,"column":5}},"55":{"start":{"line":170,"column":6},"end":{"line":170,"column":24}},"56":{"start":{"line":172,"column":6},"end":{"line":172,"column":61}},"57":{"start":{"line":173,"column":6},"end":{"line":173,"column":19}},"58":{"start":{"line":176,"column":4},"end":{"line":178,"column":5}},"59":{"start":{"line":177,"column":6},"end":{"line":177,"column":83}},"60":{"start":{"line":177,"column":39},"end":{"line":177,"column":81}},"61":{"start":{"line":180,"column":4},"end":{"line":180,"column":16}},"62":{"start":{"line":189,"column":2},"end":{"line":247,"column":4}},"63":{"start":{"line":190,"column":4},"end":{"line":190,"column":28}},"64":{"start":{"line":195,"column":4},"end":{"line":201,"column":5}},"65":{"start":{"line":196,"column":6},"end":{"line":196,"column":45}},"66":{"start":{"line":197,"column":6},"end":{"line":197,"column":54}},"67":{"start":{"line":199,"column":6},"end":{"line":199,"column":49}},"68":{"start":{"line":200,"column":6},"end":{"line":200,"column":13}},"69":{"start":{"line":203,"column":4},"end":{"line":207,"column":5}},"70":{"start":{"line":204,"column":6},"end":{"line":204,"column":44}},"71":{"start":{"line":205,"column":6},"end":{"line":205,"column":78}},"72":{"start":{"line":205,"column":34},"end":{"line":205,"column":76}},"73":{"start":{"line":206,"column":6},"end":{"line":206,"column":13}},"74":{"start":{"line":209,"column":4},"end":{"line":213,"column":5}},"75":{"start":{"line":210,"column":6},"end":{"line":210,"column":50}},"76":{"start":{"line":211,"column":6},"end":{"line":211,"column":78}},"77":{"start":{"line":211,"column":34},"end":{"line":211,"column":76}},"78":{"start":{"line":212,"column":6},"end":{"line":212,"column":13}},"79":{"start":{"line":215,"column":4},"end":{"line":246,"column":7}},"80":{"start":{"line":216,"column":38},"end":{"line":218,"column":14}},"81":{"start":{"line":217,"column":8},"end":{"line":217,"column":81}},"82":{"start":{"line":220,"column":6},"end":{"line":222,"column":7}},"83":{"start":{"line":221,"column":8},"end":{"line":221,"column":21}},"84":{"start":{"line":224,"column":6},"end":{"line":242,"column":7}},"85":{"start":{"line":225,"column":8},"end":{"line":241,"column":13}},"86":{"start":{"line":226,"column":29},"end":{"line":226,"column":65}},"87":{"start":{"line":228,"column":12},"end":{"line":231,"column":13}},"88":{"start":{"line":229,"column":14},"end":{"line":229,"column":81}},"89":{"start":{"line":230,"column":14},"end":{"line":230,"column":21}},"90":{"start":{"line":233,"column":12},"end":{"line":238,"column":13}},"91":{"start":{"line":234,"column":14},"end":{"line":234,"column":81}},"92":{"start":{"line":236,"column":14},"end":{"line":236,"column":83}},"93":{"start":{"line":237,"column":14},"end":{"line":237,"column":21}},"94":{"start":{"line":240,"column":12},"end":{"line":240,"column":81}},"95":{"start":{"line":244,"column":6},"end":{"line":244,"column":59}},"96":{"start":{"line":245,"column":6},"end":{"line":245,"column":13}},"97":{"start":{"line":257,"column":2},"end":{"line":274,"column":4}},"98":{"start":{"line":259,"column":21},"end":{"line":265,"column":5}},"99":{"start":{"line":260,"column":6},"end":{"line":260,"column":44}},"100":{"start":{"line":261,"column":21},"end":{"line":261,"column":38}},"101":{"start":{"line":262,"column":6},"end":{"line":264,"column":7}},"102":{"start":{"line":263,"column":8},"end":{"line":263,"column":90}},"103":{"start":{"line":267,"column":4},"end":{"line":270,"column":5}},"104":{"start":{"line":268,"column":6},"end":{"line":268,"column":82}},"105":{"start":{"line":269,"column":6},"end":{"line":269,"column":18}},"106":{"start":{"line":272,"column":18},"end":{"line":272,"column":27}},"107":{"start":{"line":273,"column":4},"end":{"line":273,"column":55}},"108":{"start":{"line":280,"column":2},"end":{"line":283,"column":4}},"109":{"start":{"line":282,"column":4},"end":{"line":282,"column":34}},"110":{"start":{"line":285,"column":2},"end":{"line":292,"column":4}},"111":{"start":{"line":294,"column":2},"end":{"line":294,"column":57}}},"fnMap":{"0":{"name":"(anonymous_0)","decl":{"start":{"line":28,"column":15},"end":{"line":28,"column":16}},"loc":{"start":{"line":28,"column":82},"end":{"line":295,"column":1}},"line":28},"1":{"name":"Notifications","decl":{"start":{"line":39,"column":11},"end":{"line":39,"column":24}},"loc":{"start":{"line":39,"column":27},"end":{"line":43,"column":3}},"line":39},"2":{"name":"init","decl":{"start":{"line":45,"column":42},"end":{"line":45,"column":46}},"loc":{"start":{"line":46,"column":11},"end":{"line":52,"column":3}},"line":46},"3":{"name":"update","decl":{"start":{"line":54,"column":44},"end":{"line":54,"column":50}},"loc":{"start":{"line":55,"column":11},"end":{"line":57,"column":3}},"line":55},"4":{"name":"define","decl":{"start":{"line":69,"column":50},"end":{"line":69,"column":56}},"loc":{"start":{"line":70,"column":23},"end":{"line":103,"column":3}},"line":70},"5":{"name":"(anonymous_5)","decl":{"start":{"line":84,"column":17},"end":{"line":84,"column":18}},"loc":{"start":{"line":84,"column":36},"end":{"line":84,"column":87}},"line":84},"6":{"name":"subscribe","decl":{"start":{"line":115,"column":53},"end":{"line":115,"column":62}},"loc":{"start":{"line":116,"column":23},"end":{"line":138,"column":3}},"line":116},"7":{"name":"unsubscribe","decl":{"start":{"line":149,"column":55},"end":{"line":149,"column":66}},"loc":{"start":{"line":150,"column":23},"end":{"line":181,"column":3}},"line":150},"8":{"name":"(anonymous_8)","decl":{"start":{"line":177,"column":34},"end":{"line":177,"column":35}},"loc":{"start":{"line":177,"column":39},"end":{"line":177,"column":81}},"line":177},"9":{"name":"evaluate","decl":{"start":{"line":189,"column":52},"end":{"line":189,"column":60}},"loc":{"start":{"line":189,"column":84},"end":{"line":247,"column":3}},"line":189},"10":{"name":"(anonymous_10)","decl":{"start":{"line":205,"column":29},"end":{"line":205,"column":30}},"loc":{"start":{"line":205,"column":34},"end":{"line":205,"column":76}},"line":205},"11":{"name":"(anonymous_11)","decl":{"start":{"line":211,"column":29},"end":{"line":211,"column":30}},"loc":{"start":{"line":211,"column":34},"end":{"line":211,"column":76}},"line":211},"12":{"name":"(anonymous_12)","decl":{"start":{"line":215,"column":18},"end":{"line":215,"column":19}},"loc":{"start":{"line":215,"column":28},"end":{"line":246,"column":5}},"line":215},"13":{"name":"(anonymous_13)","decl":{"start":{"line":216,"column":66},"end":{"line":216,"column":67}},"loc":{"start":{"line":217,"column":8},"end":{"line":217,"column":81}},"line":217},"14":{"name":"(anonymous_14)","decl":{"start":{"line":226,"column":18},"end":{"line":226,"column":19}},"loc":{"start":{"line":226,"column":29},"end":{"line":226,"column":65}},"line":226},"15":{"name":"(anonymous_15)","decl":{"start":{"line":227,"column":15},"end":{"line":227,"column":16}},"loc":{"start":{"line":227,"column":34},"end":{"line":241,"column":11}},"line":227},"16":{"name":"verify","decl":{"start":{"line":257,"column":50},"end":{"line":257,"column":56}},"loc":{"start":{"line":258,"column":16},"end":{"line":274,"column":3}},"line":258},"17":{"name":"(anonymous_17)","decl":{"start":{"line":259,"column":21},"end":{"line":259,"column":22}},"loc":{"start":{"line":259,"column":42},"end":{"line":265,"column":5}},"line":259},"18":{"name":"providers","decl":{"start":{"line":280,"column":53},"end":{"line":280,"column":62}},"loc":{"start":{"line":281,"column":23},"end":{"line":283,"column":3}},"line":281}},"branchMap":{"0":{"loc":{"start":{"line":82,"column":4},"end":{"line":85,"column":5}},"type":"if","locations":[{"start":{"line":82,"column":4},"end":{"line":85,"column":5}},{"start":{"line":82,"column":4},"end":{"line":85,"column":5}}],"line":82},"1":{"loc":{"start":{"line":87,"column":4},"end":{"line":100,"column":5}},"type":"if","locations":[{"start":{"line":87,"column":4},"end":{"line":100,"column":5}},{"start":{"line":87,"column":4},"end":{"line":100,"column":5}}],"line":87},"2":{"loc":{"start":{"line":118,"column":19},"end":{"line":118,"column":46}},"type":"binary-expr","locations":[{"start":{"line":118,"column":19},"end":{"line":118,"column":30}},{"start":{"line":118,"column":34},"end":{"line":118,"column":46}}],"line":118},"3":{"loc":{"start":{"line":176,"column":4},"end":{"line":178,"column":5}},"type":"if","locations":[{"start":{"line":176,"column":4},"end":{"line":178,"column":5}},{"start":{"line":176,"column":4},"end":{"line":178,"column":5}}],"line":176},"4":{"loc":{"start":{"line":203,"column":4},"end":{"line":207,"column":5}},"type":"if","locations":[{"start":{"line":203,"column":4},"end":{"line":207,"column":5}},{"start":{"line":203,"column":4},"end":{"line":207,"column":5}}],"line":203},"5":{"loc":{"start":{"line":209,"column":4},"end":{"line":213,"column":5}},"type":"if","locations":[{"start":{"line":209,"column":4},"end":{"line":213,"column":5}},{"start":{"line":209,"column":4},"end":{"line":213,"column":5}}],"line":209},"6":{"loc":{"start":{"line":217,"column":8},"end":{"line":217,"column":81}},"type":"binary-expr","locations":[{"start":{"line":217,"column":8},"end":{"line":217,"column":36}},{"start":{"line":217,"column":40},"end":{"line":217,"column":81}}],"line":217},"7":{"loc":{"start":{"line":220,"column":6},"end":{"line":222,"column":7}},"type":"if","locations":[{"start":{"line":220,"column":6},"end":{"line":222,"column":7}},{"start":{"line":220,"column":6},"end":{"line":222,"column":7}}],"line":220},"8":{"loc":{"start":{"line":224,"column":6},"end":{"line":242,"column":7}},"type":"if","locations":[{"start":{"line":224,"column":6},"end":{"line":242,"column":7}},{"start":{"line":224,"column":6},"end":{"line":242,"column":7}}],"line":224},"9":{"loc":{"start":{"line":228,"column":12},"end":{"line":231,"column":13}},"type":"if","locations":[{"start":{"line":228,"column":12},"end":{"line":231,"column":13}},{"start":{"line":228,"column":12},"end":{"line":231,"column":13}}],"line":228},"10":{"loc":{"start":{"line":262,"column":6},"end":{"line":264,"column":7}},"type":"if","locations":[{"start":{"line":262,"column":6},"end":{"line":264,"column":7}},{"start":{"line":262,"column":6},"end":{"line":264,"column":7}}],"line":262},"11":{"loc":{"start":{"line":267,"column":4},"end":{"line":270,"column":5}},"type":"if","locations":[{"start":{"line":267,"column":4},"end":{"line":270,"column":5}},{"start":{"line":267,"column":4},"end":{"line":270,"column":5}}],"line":267}},"s":{"0":21,"1":21,"2":21,"3":21,"4":21,"5":21,"6":21,"7":21,"8":21,"9":21,"10":4,"11":4,"12":4,"13":4,"14":1,"15":1,"16":3,"17":1,"18":1,"19":0,"20":3,"21":1,"22":1,"23":2,"24":2,"25":2,"26":1,"27":1,"28":1,"29":2,"30":21,"31":4,"32":4,"33":4,"34":4,"35":1,"36":1,"37":3,"38":3,"39":3,"40":3,"41":1,"42":1,"43":2,"44":21,"45":5,"46":5,"47":5,"48":4,"49":2,"50":2,"51":3,"52":3,"53":3,"54":3,"55":3,"56":1,"57":1,"58":2,"59":1,"60":0,"61":2,"62":21,"63":8,"64":8,"65":8,"66":8,"67":1,"68":1,"69":7,"70":1,"71":1,"72":0,"73":1,"74":6,"75":1,"76":1,"77":0,"78":1,"79":5,"80":5,"81":5,"82":5,"83":1,"84":4,"85":3,"86":3,"87":3,"88":1,"89":1,"90":2,"91":2,"92":1,"93":1,"94":1,"95":1,"96":1,"97":21,"98":0,"99":0,"100":0,"101":0,"102":0,"103":0,"104":0,"105":0,"106":0,"107":0,"108":21,"109":0,"110":21,"111":21},"f":{"0":21,"1":21,"2":21,"3":0,"4":4,"5":0,"6":4,"7":5,"8":0,"9":8,"10":0,"11":0,"12":5,"13":5,"14":3,"15":3,"16":0,"17":0,"18":0},"b":{"0":[1,2],"1":[1,2],"2":[4,4],"3":[1,1],"4":[1,6],"5":[1,5],"6":[5,5],"7":[1,4],"8":[3,1],"9":[1,2],"10":[0,0],"11":[0,0]},"_coverageSchema":"332fd63041d2c1bcb487cc26dd0d5f7d97098a6c","hash":"8898531808b7904720b203e78534b5fd29f4fe5f"}
,"/opt/briskhome/src/core.pki/index.js": {"path":"/opt/briskhome/src/core.pki/index.js","statementMap":{"0":{"start":{"line":13,"column":14},"end":{"line":13,"column":27}},"1":{"start":{"line":39,"column":2},"end":{"line":90,"column":4}},"2":{"start":{"line":40,"column":4},"end":{"line":89,"column":7}},"3":{"start":{"line":41,"column":6},"end":{"line":45,"column":7}},"4":{"start":{"line":42,"column":24},"end":{"line":42,"column":86}},"5":{"start":{"line":43,"column":8},"end":{"line":43,"column":52}},"6":{"start":{"line":44,"column":8},"end":{"line":44,"column":31}},"7":{"start":{"line":47,"column":22},"end":{"line":47,"column":34}},"8":{"start":{"line":48,"column":20},"end":{"line":48,"column":96}},"9":{"start":{"line":50,"column":6},"end":{"line":88,"column":9}},"10":{"start":{"line":51,"column":8},"end":{"line":54,"column":9}},"11":{"start":{"line":52,"column":10},"end":{"line":52,"column":71}},"12":{"start":{"line":53,"column":10},"end":{"line":53,"column":36}},"13":{"start":{"line":56,"column":20},"end":{"line":56,"column":58}},"14":{"start":{"line":57,"column":29},"end":{"line":57,"column":31}},"15":{"start":{"line":59,"column":8},"end":{"line":64,"column":9}},"16":{"start":{"line":60,"column":23},"end":{"line":60,"column":46}},"17":{"start":{"line":61,"column":24},"end":{"line":61,"column":37}},"18":{"start":{"line":62,"column":24},"end":{"line":62,"column":64}},"19":{"start":{"line":63,"column":10},"end":{"line":63,"column":35}},"20":{"start":{"line":66,"column":8},"end":{"line":66,"column":42}},"21":{"start":{"line":67,"column":8},"end":{"line":67,"column":37}},"22":{"start":{"line":68,"column":8},"end":{"line":70,"column":9}},"23":{"start":{"line":69,"column":10},"end":{"line":69,"column":35}},"24":{"start":{"line":72,"column":8},"end":{"line":72,"column":37}},"25":{"start":{"line":73,"column":8},"end":{"line":77,"column":9}},"26":{"start":{"line":74,"column":30},"end":{"line":74,"column":75}},"27":{"start":{"line":75,"column":10},"end":{"line":75,"column":63}},"28":{"start":{"line":76,"column":10},"end":{"line":76,"column":37}},"29":{"start":{"line":79,"column":20},"end":{"line":79,"column":60}},"30":{"start":{"line":80,"column":8},"end":{"line":87,"column":11}},"31":{"start":{"line":81,"column":10},"end":{"line":84,"column":11}},"32":{"start":{"line":82,"column":12},"end":{"line":82,"column":49}},"33":{"start":{"line":83,"column":12},"end":{"line":83,"column":29}},"34":{"start":{"line":86,"column":10},"end":{"line":86,"column":30}},"35":{"start":{"line":104,"column":2},"end":{"line":198,"column":4}},"36":{"start":{"line":105,"column":4},"end":{"line":197,"column":7}},"37":{"start":{"line":106,"column":19},"end":{"line":106,"column":54}},"38":{"start":{"line":107,"column":19},"end":{"line":107,"column":48}},"39":{"start":{"line":108,"column":6},"end":{"line":108,"column":38}},"40":{"start":{"line":111,"column":6},"end":{"line":111,"column":31}},"41":{"start":{"line":112,"column":6},"end":{"line":112,"column":43}},"42":{"start":{"line":113,"column":6},"end":{"line":113,"column":42}},"43":{"start":{"line":114,"column":6},"end":{"line":114,"column":84}},"44":{"start":{"line":115,"column":20},"end":{"line":133,"column":8}},"45":{"start":{"line":134,"column":6},"end":{"line":134,"column":29}},"46":{"start":{"line":137,"column":6},"end":{"line":137,"column":28}},"47":{"start":{"line":138,"column":6},"end":{"line":175,"column":10}},"48":{"start":{"line":193,"column":6},"end":{"line":193,"column":33}},"49":{"start":{"line":196,"column":6},"end":{"line":196,"column":46}},"50":{"start":{"line":206,"column":2},"end":{"line":245,"column":4}},"51":{"start":{"line":207,"column":4},"end":{"line":244,"column":7}},"52":{"start":{"line":208,"column":6},"end":{"line":216,"column":7}},"53":{"start":{"line":213,"column":24},"end":{"line":213,"column":91}},"54":{"start":{"line":214,"column":8},"end":{"line":214,"column":53}},"55":{"start":{"line":215,"column":8},"end":{"line":215,"column":31}},"56":{"start":{"line":218,"column":20},"end":{"line":221,"column":36}},"57":{"start":{"line":223,"column":6},"end":{"line":225,"column":7}},"58":{"start":{"line":224,"column":8},"end":{"line":224,"column":52}},"59":{"start":{"line":227,"column":18},"end":{"line":227,"column":20}},"60":{"start":{"line":228,"column":19},"end":{"line":228,"column":37}},"61":{"start":{"line":229,"column":20},"end":{"line":229,"column":50}},"62":{"start":{"line":231,"column":6},"end":{"line":233,"column":9}},"63":{"start":{"line":232,"column":8},"end":{"line":232,"column":24}},"64":{"start":{"line":235,"column":6},"end":{"line":243,"column":9}},"65":{"start":{"line":236,"column":8},"end":{"line":240,"column":9}},"66":{"start":{"line":237,"column":31},"end":{"line":237,"column":49}},"67":{"start":{"line":238,"column":10},"end":{"line":238,"column":65}},"68":{"start":{"line":239,"column":10},"end":{"line":239,"column":38}},"69":{"start":{"line":242,"column":8},"end":{"line":242,"column":28}},"70":{"start":{"line":247,"column":2},"end":{"line":247,"column":37}}},"fnMap":{"0":{"name":"(anonymous_0)","decl":{"start":{"line":12,"column":15},"end":{"line":12,"column":16}},"loc":{"start":{"line":12,"column":82},"end":{"line":248,"column":1}},"line":12},"1":{"name":"PKI","decl":{"start":{"line":18,"column":11},"end":{"line":18,"column":14}},"loc":{"start":{"line":18,"column":17},"end":{"line":20,"column":3}},"line":18},"2":{"name":"generateRequest","decl":{"start":{"line":39,"column":43},"end":{"line":39,"column":58}},"loc":{"start":{"line":39,"column":65},"end":{"line":90,"column":3}},"line":39},"3":{"name":"(anonymous_3)","decl":{"start":{"line":40,"column":23},"end":{"line":40,"column":24}},"loc":{"start":{"line":40,"column":44},"end":{"line":89,"column":5}},"line":40},"4":{"name":"(anonymous_4)","decl":{"start":{"line":50,"column":71},"end":{"line":50,"column":72}},"loc":{"start":{"line":50,"column":96},"end":{"line":88,"column":7}},"line":50},"5":{"name":"(anonymous_5)","decl":{"start":{"line":80,"column":58},"end":{"line":80,"column":59}},"loc":{"start":{"line":80,"column":72},"end":{"line":87,"column":9}},"line":80},"6":{"name":"issue","decl":{"start":{"line":104,"column":44},"end":{"line":104,"column":49}},"loc":{"start":{"line":104,"column":62},"end":{"line":198,"column":3}},"line":104},"7":{"name":"(anonymous_7)","decl":{"start":{"line":105,"column":23},"end":{"line":105,"column":24}},"loc":{"start":{"line":105,"column":50},"end":{"line":197,"column":5}},"line":105},"8":{"name":"sign","decl":{"start":{"line":206,"column":36},"end":{"line":206,"column":40}},"loc":{"start":{"line":206,"column":47},"end":{"line":245,"column":3}},"line":206},"9":{"name":"(anonymous_9)","decl":{"start":{"line":207,"column":23},"end":{"line":207,"column":24}},"loc":{"start":{"line":207,"column":44},"end":{"line":244,"column":5}},"line":207},"10":{"name":"(anonymous_10)","decl":{"start":{"line":231,"column":30},"end":{"line":231,"column":31}},"loc":{"start":{"line":231,"column":41},"end":{"line":233,"column":7}},"line":231},"11":{"name":"(anonymous_11)","decl":{"start":{"line":235,"column":31},"end":{"line":235,"column":32}},"loc":{"start":{"line":235,"column":41},"end":{"line":243,"column":7}},"line":235}},"branchMap":{"0":{"loc":{"start":{"line":41,"column":6},"end":{"line":45,"column":7}},"type":"if","locations":[{"start":{"line":41,"column":6},"end":{"line":45,"column":7}},{"start":{"line":41,"column":6},"end":{"line":45,"column":7}}],"line":41},"1":{"loc":{"start":{"line":41,"column":10},"end":{"line":41,"column":73}},"type":"binary-expr","locations":[{"start":{"line":41,"column":10},"end":{"line":41,"column":15}},{"start":{"line":41,"column":19},"end":{"line":41,"column":73}}],"line":41},"2":{"loc":{"start":{"line":48,"column":20},"end":{"line":48,"column":96}},"type":"cond-expr","locations":[{"start":{"line":48,"column":74},"end":{"line":48,"column":84}},{"start":{"line":48,"column":87},"end":{"line":48,"column":96}}],"line":48},"3":{"loc":{"start":{"line":51,"column":8},"end":{"line":54,"column":9}},"type":"if","locations":[{"start":{"line":51,"column":8},"end":{"line":54,"column":9}},{"start":{"line":51,"column":8},"end":{"line":54,"column":9}}],"line":51},"4":{"loc":{"start":{"line":68,"column":8},"end":{"line":70,"column":9}},"type":"if","locations":[{"start":{"line":68,"column":8},"end":{"line":70,"column":9}},{"start":{"line":68,"column":8},"end":{"line":70,"column":9}}],"line":68},"5":{"loc":{"start":{"line":73,"column":8},"end":{"line":77,"column":9}},"type":"if","locations":[{"start":{"line":73,"column":8},"end":{"line":77,"column":9}},{"start":{"line":73,"column":8},"end":{"line":77,"column":9}}],"line":73},"6":{"loc":{"start":{"line":81,"column":10},"end":{"line":84,"column":11}},"type":"if","locations":[{"start":{"line":81,"column":10},"end":{"line":84,"column":11}},{"start":{"line":81,"column":10},"end":{"line":84,"column":11}}],"line":81},"7":{"loc":{"start":{"line":208,"column":6},"end":{"line":216,"column":7}},"type":"if","locations":[{"start":{"line":208,"column":6},"end":{"line":216,"column":7}},{"start":{"line":208,"column":6},"end":{"line":216,"column":7}}],"line":208},"8":{"loc":{"start":{"line":208,"column":10},"end":{"line":211,"column":66}},"type":"binary-expr","locations":[{"start":{"line":208,"column":10},"end":{"line":208,"column":15}},{"start":{"line":209,"column":11},"end":{"line":209,"column":64}},{"start":{"line":210,"column":11},"end":{"line":210,"column":63}},{"start":{"line":211,"column":11},"end":{"line":211,"column":66}}],"line":208},"9":{"loc":{"start":{"line":223,"column":6},"end":{"line":225,"column":7}},"type":"if","locations":[{"start":{"line":223,"column":6},"end":{"line":225,"column":7}},{"start":{"line":223,"column":6},"end":{"line":225,"column":7}}],"line":223},"10":{"loc":{"start":{"line":236,"column":8},"end":{"line":240,"column":9}},"type":"if","locations":[{"start":{"line":236,"column":8},"end":{"line":240,"column":9}},{"start":{"line":236,"column":8},"end":{"line":240,"column":9}}],"line":236}},"s":{"0":8,"1":8,"2":2,"3":2,"4":2,"5":2,"6":2,"7":0,"8":0,"9":0,"10":0,"11":0,"12":0,"13":0,"14":0,"15":0,"16":0,"17":0,"18":0,"19":0,"20":0,"21":0,"22":0,"23":0,"24":0,"25":0,"26":0,"27":0,"28":0,"29":0,"30":0,"31":0,"32":0,"33":0,"34":0,"35":8,"36":0,"37":0,"38":0,"39":0,"40":0,"41":0,"42":0,"43":0,"44":0,"45":0,"46":0,"47":0,"48":0,"49":0,"50":8,"51":6,"52":6,"53":4,"54":4,"55":4,"56":2,"57":2,"58":1,"59":2,"60":2,"61":2,"62":2,"63":0,"64":2,"65":2,"66":2,"67":2,"68":2,"69":0,"70":8},"f":{"0":8,"1":8,"2":2,"3":2,"4":0,"5":0,"6":0,"7":0,"8":6,"9":6,"10":0,"11":2},"b":{"0":[2,0],"1":[2,1],"2":[0,0],"3":[0,0],"4":[0,0],"5":[0,0],"6":[0,0],"7":[4,2],"8":[6,5,4,3],"9":[1,1],"10":[2,0]},"_coverageSchema":"332fd63041d2c1bcb487cc26dd0d5f7d97098a6c","hash":"28cbf06e364bd5b83cb6f3bdc6b1b5aaf97b47dd"}
,"/opt/briskhome/src/utilities/architect.js": {"path":"/opt/briskhome/src/utilities/architect.js","statementMap":{"0":{"start":{"line":13,"column":33},"end":{"line":13,"column":35}},"1":{"start":{"line":21,"column":30},"end":{"line":68,"column":1}},"2":{"start":{"line":22,"column":2},"end":{"line":24,"column":3}},"3":{"start":{"line":23,"column":4},"end":{"line":23,"column":32}},"4":{"start":{"line":26,"column":16},"end":{"line":26,"column":38}},"5":{"start":{"line":27,"column":2},"end":{"line":29,"column":3}},"6":{"start":{"line":28,"column":4},"end":{"line":28,"column":25}},"7":{"start":{"line":31,"column":28},"end":{"line":31,"column":81}},"8":{"start":{"line":32,"column":2},"end":{"line":32,"column":28}},"9":{"start":{"line":33,"column":2},"end":{"line":45,"column":3}},"10":{"start":{"line":34,"column":4},"end":{"line":44,"column":7}},"11":{"start":{"line":35,"column":23},"end":{"line":35,"column":49}},"12":{"start":{"line":36,"column":6},"end":{"line":43,"column":9}},"13":{"start":{"line":37,"column":8},"end":{"line":37,"column":41}},"14":{"start":{"line":37,"column":23},"end":{"line":37,"column":41}},"15":{"start":{"line":38,"column":8},"end":{"line":42,"column":11}},"16":{"start":{"line":39,"column":10},"end":{"line":39,"column":45}},"17":{"start":{"line":39,"column":27},"end":{"line":39,"column":45}},"18":{"start":{"line":40,"column":10},"end":{"line":40,"column":40}},"19":{"start":{"line":41,"column":10},"end":{"line":41,"column":40}},"20":{"start":{"line":47,"column":18},"end":{"line":65,"column":4}},"21":{"start":{"line":47,"column":55},"end":{"line":65,"column":4}},"22":{"start":{"line":48,"column":4},"end":{"line":50,"column":5}},"23":{"start":{"line":49,"column":6},"end":{"line":49,"column":31}},"24":{"start":{"line":52,"column":20},"end":{"line":52,"column":65}},"25":{"start":{"line":53,"column":4},"end":{"line":64,"column":7}},"26":{"start":{"line":54,"column":6},"end":{"line":60,"column":7}},"27":{"start":{"line":55,"column":8},"end":{"line":59,"column":11}},"28":{"start":{"line":56,"column":10},"end":{"line":56,"column":45}},"29":{"start":{"line":56,"column":27},"end":{"line":56,"column":45}},"30":{"start":{"line":57,"column":10},"end":{"line":57,"column":40}},"31":{"start":{"line":58,"column":10},"end":{"line":58,"column":40}},"32":{"start":{"line":62,"column":23},"end":{"line":62,"column":50}},"33":{"start":{"line":63,"column":6},"end":{"line":63,"column":69}},"34":{"start":{"line":67,"column":2},"end":{"line":67,"column":23}},"35":{"start":{"line":77,"column":29},"end":{"line":120,"column":1}},"36":{"start":{"line":79,"column":17},"end":{"line":79,"column":19}},"37":{"start":{"line":81,"column":2},"end":{"line":84,"column":52}},"38":{"start":{"line":82,"column":4},"end":{"line":82,"column":73}},"39":{"start":{"line":83,"column":4},"end":{"line":83,"column":63}},"40":{"start":{"line":84,"column":16},"end":{"line":84,"column":50}},"41":{"start":{"line":84,"column":41},"end":{"line":84,"column":50}},"42":{"start":{"line":86,"column":23},"end":{"line":86,"column":49}},"43":{"start":{"line":88,"column":2},"end":{"line":104,"column":3}},"44":{"start":{"line":89,"column":4},"end":{"line":91,"column":29}},"45":{"start":{"line":90,"column":6},"end":{"line":90,"column":66}},"46":{"start":{"line":91,"column":18},"end":{"line":91,"column":27}},"47":{"start":{"line":92,"column":9},"end":{"line":104,"column":3}},"48":{"start":{"line":93,"column":4},"end":{"line":99,"column":29}},"49":{"start":{"line":94,"column":6},"end":{"line":98,"column":8}},"50":{"start":{"line":99,"column":18},"end":{"line":99,"column":27}},"51":{"start":{"line":100,"column":9},"end":{"line":104,"column":3}},"52":{"start":{"line":101,"column":4},"end":{"line":103,"column":29}},"53":{"start":{"line":102,"column":6},"end":{"line":102,"column":79}},"54":{"start":{"line":103,"column":18},"end":{"line":103,"column":27}},"55":{"start":{"line":108,"column":2},"end":{"line":112,"column":50}},"56":{"start":{"line":109,"column":4},"end":{"line":111,"column":32}},"57":{"start":{"line":112,"column":16},"end":{"line":112,"column":48}},"58":{"start":{"line":114,"column":2},"end":{"line":114,"column":33}},"59":{"start":{"line":115,"column":2},"end":{"line":115,"column":28}},"60":{"start":{"line":116,"column":2},"end":{"line":116,"column":31}},"61":{"start":{"line":117,"column":2},"end":{"line":117,"column":31}},"62":{"start":{"line":119,"column":2},"end":{"line":119,"column":18}},"63":{"start":{"line":129,"column":29},"end":{"line":147,"column":1}},"64":{"start":{"line":130,"column":18},"end":{"line":130,"column":116}},"65":{"start":{"line":130,"column":51},"end":{"line":130,"column":115}},"66":{"start":{"line":130,"column":68},"end":{"line":130,"column":108}},"67":{"start":{"line":131,"column":33},"end":{"line":133,"column":4}},"68":{"start":{"line":132,"column":4},"end":{"line":132,"column":76}},"69":{"start":{"line":135,"column":2},"end":{"line":146,"column":8}},"70":{"start":{"line":136,"column":22},"end":{"line":136,"column":50}},"71":{"start":{"line":137,"column":29},"end":{"line":146,"column":5}},"72":{"start":{"line":153,"column":27},"end":{"line":227,"column":1}},"73":{"start":{"line":154,"column":18},"end":{"line":154,"column":20}},"74":{"start":{"line":155,"column":2},"end":{"line":162,"column":3}},"75":{"start":{"line":156,"column":4},"end":{"line":161,"column":7}},"76":{"start":{"line":164,"column":17},"end":{"line":164,"column":19}},"77":{"start":{"line":165,"column":19},"end":{"line":165,"column":21}},"78":{"start":{"line":167,"column":14},"end":{"line":167,"column":18}},"79":{"start":{"line":168,"column":2},"end":{"line":192,"column":3}},"80":{"start":{"line":169,"column":4},"end":{"line":169,"column":18}},"81":{"start":{"line":170,"column":4},"end":{"line":191,"column":7}},"82":{"start":{"line":171,"column":23},"end":{"line":171,"column":47}},"83":{"start":{"line":173,"column":24},"end":{"line":173,"column":28}},"84":{"start":{"line":174,"column":6},"end":{"line":181,"column":7}},"85":{"start":{"line":175,"column":24},"end":{"line":175,"column":35}},"86":{"start":{"line":176,"column":8},"end":{"line":180,"column":9}},"87":{"start":{"line":177,"column":10},"end":{"line":177,"column":30}},"88":{"start":{"line":179,"column":10},"end":{"line":179,"column":70}},"89":{"start":{"line":183,"column":6},"end":{"line":185,"column":7}},"90":{"start":{"line":184,"column":8},"end":{"line":184,"column":15}},"91":{"start":{"line":187,"column":6},"end":{"line":187,"column":49}},"92":{"start":{"line":188,"column":6},"end":{"line":188,"column":65}},"93":{"start":{"line":188,"column":41},"end":{"line":188,"column":63}},"94":{"start":{"line":189,"column":6},"end":{"line":189,"column":36}},"95":{"start":{"line":190,"column":6},"end":{"line":190,"column":19}},"96":{"start":{"line":194,"column":2},"end":{"line":224,"column":3}},"97":{"start":{"line":195,"column":23},"end":{"line":195,"column":25}},"98":{"start":{"line":196,"column":4},"end":{"line":212,"column":7}},"99":{"start":{"line":197,"column":6},"end":{"line":207,"column":9}},"100":{"start":{"line":198,"column":8},"end":{"line":200,"column":9}},"101":{"start":{"line":199,"column":10},"end":{"line":199,"column":17}},"102":{"start":{"line":202,"column":8},"end":{"line":204,"column":9}},"103":{"start":{"line":203,"column":10},"end":{"line":203,"column":32}},"104":{"start":{"line":206,"column":8},"end":{"line":206,"column":43}},"105":{"start":{"line":209,"column":6},"end":{"line":211,"column":9}},"106":{"start":{"line":210,"column":8},"end":{"line":210,"column":33}},"107":{"start":{"line":214,"column":4},"end":{"line":218,"column":7}},"108":{"start":{"line":215,"column":6},"end":{"line":217,"column":7}},"109":{"start":{"line":216,"column":8},"end":{"line":216,"column":32}},"110":{"start":{"line":220,"column":4},"end":{"line":220,"column":79}},"111":{"start":{"line":221,"column":4},"end":{"line":221,"column":50}},"112":{"start":{"line":222,"column":4},"end":{"line":222,"column":51}},"113":{"start":{"line":223,"column":4},"end":{"line":223,"column":54}},"114":{"start":{"line":226,"column":2},"end":{"line":226,"column":16}},"115":{"start":{"line":233,"column":27},"end":{"line":243,"column":5}},"116":{"start":{"line":234,"column":2},"end":{"line":243,"column":5}},"117":{"start":{"line":235,"column":4},"end":{"line":241,"column":5}},"118":{"start":{"line":236,"column":6},"end":{"line":240,"column":7}},"119":{"start":{"line":237,"column":8},"end":{"line":237,"column":103}},"120":{"start":{"line":238,"column":13},"end":{"line":240,"column":7}},"121":{"start":{"line":239,"column":8},"end":{"line":239,"column":103}},"122":{"start":{"line":242,"column":4},"end":{"line":242,"column":18}},"123":{"start":{"line":255,"column":4},"end":{"line":255,"column":12}},"124":{"start":{"line":256,"column":16},"end":{"line":256,"column":20}},"125":{"start":{"line":257,"column":4},"end":{"line":257,"column":20}},"126":{"start":{"line":258,"column":4},"end":{"line":258,"column":32}},"127":{"start":{"line":259,"column":4},"end":{"line":259,"column":22}},"128":{"start":{"line":263,"column":4},"end":{"line":296,"column":7}},"129":{"start":{"line":264,"column":18},"end":{"line":264,"column":22}},"130":{"start":{"line":265,"column":21},"end":{"line":265,"column":41}},"131":{"start":{"line":267,"column":6},"end":{"line":271,"column":7}},"132":{"start":{"line":268,"column":8},"end":{"line":268,"column":79}},"133":{"start":{"line":268,"column":55},"end":{"line":268,"column":77}},"134":{"start":{"line":270,"column":8},"end":{"line":270,"column":25}},"135":{"start":{"line":273,"column":6},"end":{"line":273,"column":70}},"136":{"start":{"line":273,"column":46},"end":{"line":273,"column":68}},"137":{"start":{"line":277,"column":8},"end":{"line":279,"column":9}},"138":{"start":{"line":278,"column":10},"end":{"line":278,"column":29}},"139":{"start":{"line":280,"column":8},"end":{"line":282,"column":9}},"140":{"start":{"line":281,"column":10},"end":{"line":281,"column":29}},"141":{"start":{"line":284,"column":8},"end":{"line":284,"column":33}},"142":{"start":{"line":285,"column":8},"end":{"line":287,"column":9}},"143":{"start":{"line":286,"column":10},"end":{"line":286,"column":30}},"144":{"start":{"line":288,"column":8},"end":{"line":292,"column":9}},"145":{"start":{"line":289,"column":10},"end":{"line":289,"column":45}},"146":{"start":{"line":291,"column":10},"end":{"line":291,"column":27}},"147":{"start":{"line":295,"column":6},"end":{"line":295,"column":20}},"148":{"start":{"line":300,"column":16},"end":{"line":300,"column":20}},"149":{"start":{"line":301,"column":21},"end":{"line":301,"column":33}},"150":{"start":{"line":302,"column":20},"end":{"line":302,"column":22}},"151":{"start":{"line":303,"column":56},"end":{"line":303,"column":62}},"152":{"start":{"line":305,"column":4},"end":{"line":309,"column":5}},"153":{"start":{"line":306,"column":6},"end":{"line":308,"column":9}},"154":{"start":{"line":307,"column":8},"end":{"line":307,"column":39}},"155":{"start":{"line":311,"column":4},"end":{"line":317,"column":5}},"156":{"start":{"line":312,"column":6},"end":{"line":314,"column":31}},"157":{"start":{"line":312,"column":19},"end":{"line":314,"column":27}},"158":{"start":{"line":316,"column":6},"end":{"line":316,"column":14}},"159":{"start":{"line":320,"column":6},"end":{"line":323,"column":7}},"160":{"start":{"line":321,"column":8},"end":{"line":321,"column":37}},"161":{"start":{"line":321,"column":27},"end":{"line":321,"column":37}},"162":{"start":{"line":322,"column":8},"end":{"line":322,"column":52}},"163":{"start":{"line":325,"column":6},"end":{"line":339,"column":9}},"164":{"start":{"line":326,"column":8},"end":{"line":330,"column":9}},"165":{"start":{"line":327,"column":24},"end":{"line":327,"column":104}},"166":{"start":{"line":328,"column":10},"end":{"line":328,"column":41}},"167":{"start":{"line":328,"column":29},"end":{"line":328,"column":41}},"168":{"start":{"line":329,"column":10},"end":{"line":329,"column":56}},"169":{"start":{"line":332,"column":8},"end":{"line":332,"column":40}},"170":{"start":{"line":333,"column":8},"end":{"line":335,"column":9}},"171":{"start":{"line":334,"column":10},"end":{"line":334,"column":37}},"172":{"start":{"line":337,"column":8},"end":{"line":337,"column":82}},"173":{"start":{"line":337,"column":26},"end":{"line":337,"column":82}},"174":{"start":{"line":338,"column":8},"end":{"line":338,"column":20}},"175":{"start":{"line":341,"column":6},"end":{"line":365,"column":7}},"176":{"start":{"line":342,"column":8},"end":{"line":342,"column":59}},"177":{"start":{"line":344,"column":8},"end":{"line":363,"column":10}},"178":{"start":{"line":345,"column":10},"end":{"line":354,"column":11}},"179":{"start":{"line":346,"column":29},"end":{"line":346,"column":33}},"180":{"start":{"line":347,"column":29},"end":{"line":347,"column":99}},"181":{"start":{"line":347,"column":77},"end":{"line":347,"column":98}},"182":{"start":{"line":348,"column":12},"end":{"line":350,"column":15}},"183":{"start":{"line":349,"column":14},"end":{"line":349,"column":62}},"184":{"start":{"line":349,"column":43},"end":{"line":349,"column":62}},"185":{"start":{"line":351,"column":12},"end":{"line":353,"column":13}},"186":{"start":{"line":352,"column":14},"end":{"line":352,"column":109}},"187":{"start":{"line":356,"column":10},"end":{"line":359,"column":11}},"188":{"start":{"line":357,"column":12},"end":{"line":357,"column":48}},"189":{"start":{"line":358,"column":12},"end":{"line":358,"column":31}},"190":{"start":{"line":361,"column":10},"end":{"line":361,"column":59}},"191":{"start":{"line":362,"column":10},"end":{"line":362,"column":72}},"192":{"start":{"line":362,"column":28},"end":{"line":362,"column":72}},"193":{"start":{"line":364,"column":8},"end":{"line":364,"column":57}},"194":{"start":{"line":367,"column":6},"end":{"line":367,"column":65}},"195":{"start":{"line":367,"column":24},"end":{"line":367,"column":65}},"196":{"start":{"line":368,"column":6},"end":{"line":368,"column":20}},"197":{"start":{"line":373,"column":4},"end":{"line":375,"column":5}},"198":{"start":{"line":374,"column":6},"end":{"line":374,"column":59}},"199":{"start":{"line":376,"column":4},"end":{"line":376,"column":31}},"200":{"start":{"line":385,"column":16},"end":{"line":385,"column":20}},"201":{"start":{"line":386,"column":4},"end":{"line":389,"column":5}},"202":{"start":{"line":387,"column":22},"end":{"line":387,"column":49}},"203":{"start":{"line":388,"column":6},"end":{"line":388,"column":41}},"204":{"start":{"line":391,"column":4},"end":{"line":391,"column":50}},"205":{"start":{"line":391,"column":39},"end":{"line":391,"column":48}},"206":{"start":{"line":392,"column":4},"end":{"line":392,"column":28}},"207":{"start":{"line":393,"column":4},"end":{"line":393,"column":16}}},"fnMap":{"0":{"name":"(anonymous_0)","decl":{"start":{"line":21,"column":30},"end":{"line":21,"column":31}},"loc":{"start":{"line":21,"column":80},"end":{"line":68,"column":1}},"line":21},"1":{"name":"(anonymous_1)","decl":{"start":{"line":34,"column":23},"end":{"line":34,"column":24}},"loc":{"start":{"line":34,"column":44},"end":{"line":44,"column":5}},"line":34},"2":{"name":"(anonymous_2)","decl":{"start":{"line":36,"column":52},"end":{"line":36,"column":53}},"loc":{"start":{"line":36,"column":67},"end":{"line":43,"column":7}},"line":36},"3":{"name":"(anonymous_3)","decl":{"start":{"line":38,"column":37},"end":{"line":38,"column":38}},"loc":{"start":{"line":38,"column":69},"end":{"line":42,"column":9}},"line":38},"4":{"name":"(anonymous_4)","decl":{"start":{"line":47,"column":18},"end":{"line":47,"column":19}},"loc":{"start":{"line":47,"column":55},"end":{"line":65,"column":4}},"line":47},"5":{"name":"(anonymous_5)","decl":{"start":{"line":47,"column":67},"end":{"line":47,"column":68}},"loc":{"start":{"line":47,"column":88},"end":{"line":65,"column":3}},"line":47},"6":{"name":"(anonymous_6)","decl":{"start":{"line":53,"column":49},"end":{"line":53,"column":50}},"loc":{"start":{"line":53,"column":64},"end":{"line":64,"column":5}},"line":53},"7":{"name":"(anonymous_7)","decl":{"start":{"line":55,"column":36},"end":{"line":55,"column":37}},"loc":{"start":{"line":55,"column":68},"end":{"line":59,"column":9}},"line":55},"8":{"name":"(anonymous_8)","decl":{"start":{"line":77,"column":29},"end":{"line":77,"column":30}},"loc":{"start":{"line":78,"column":29},"end":{"line":120,"column":1}},"line":78},"9":{"name":"(anonymous_9)","decl":{"start":{"line":129,"column":29},"end":{"line":129,"column":30}},"loc":{"start":{"line":129,"column":97},"end":{"line":147,"column":1}},"line":129},"10":{"name":"(anonymous_10)","decl":{"start":{"line":130,"column":30},"end":{"line":130,"column":31}},"loc":{"start":{"line":130,"column":51},"end":{"line":130,"column":115}},"line":130},"11":{"name":"(anonymous_11)","decl":{"start":{"line":130,"column":62},"end":{"line":130,"column":63}},"loc":{"start":{"line":130,"column":68},"end":{"line":130,"column":108}},"line":130},"12":{"name":"(anonymous_12)","decl":{"start":{"line":131,"column":62},"end":{"line":131,"column":63}},"loc":{"start":{"line":132,"column":4},"end":{"line":132,"column":76}},"line":132},"13":{"name":"(anonymous_13)","decl":{"start":{"line":136,"column":12},"end":{"line":136,"column":13}},"loc":{"start":{"line":136,"column":22},"end":{"line":136,"column":50}},"line":136},"14":{"name":"(anonymous_14)","decl":{"start":{"line":137,"column":9},"end":{"line":137,"column":10}},"loc":{"start":{"line":137,"column":29},"end":{"line":146,"column":5}},"line":137},"15":{"name":"(anonymous_15)","decl":{"start":{"line":153,"column":27},"end":{"line":153,"column":28}},"loc":{"start":{"line":153,"column":69},"end":{"line":227,"column":1}},"line":153},"16":{"name":"(anonymous_16)","decl":{"start":{"line":170,"column":20},"end":{"line":170,"column":21}},"loc":{"start":{"line":170,"column":32},"end":{"line":191,"column":5}},"line":170},"17":{"name":"(anonymous_17)","decl":{"start":{"line":188,"column":30},"end":{"line":188,"column":31}},"loc":{"start":{"line":188,"column":41},"end":{"line":188,"column":63}},"line":188},"18":{"name":"(anonymous_18)","decl":{"start":{"line":196,"column":20},"end":{"line":196,"column":21}},"loc":{"start":{"line":196,"column":32},"end":{"line":212,"column":5}},"line":196},"19":{"name":"(anonymous_19)","decl":{"start":{"line":197,"column":30},"end":{"line":197,"column":31}},"loc":{"start":{"line":197,"column":40},"end":{"line":207,"column":7}},"line":197},"20":{"name":"(anonymous_20)","decl":{"start":{"line":209,"column":30},"end":{"line":209,"column":31}},"loc":{"start":{"line":209,"column":40},"end":{"line":211,"column":7}},"line":209},"21":{"name":"(anonymous_21)","decl":{"start":{"line":214,"column":36},"end":{"line":214,"column":37}},"loc":{"start":{"line":214,"column":46},"end":{"line":218,"column":5}},"line":214},"22":{"name":"(anonymous_22)","decl":{"start":{"line":233,"column":27},"end":{"line":233,"column":28}},"loc":{"start":{"line":234,"column":2},"end":{"line":243,"column":5}},"line":234},"23":{"name":"(anonymous_23)","decl":{"start":{"line":234,"column":25},"end":{"line":234,"column":26}},"loc":{"start":{"line":234,"column":37},"end":{"line":243,"column":3}},"line":234},"24":{"name":"(anonymous_24)","decl":{"start":{"line":254,"column":2},"end":{"line":254,"column":3}},"loc":{"start":{"line":254,"column":16},"end":{"line":260,"column":3}},"line":254},"25":{"name":"(anonymous_25)","decl":{"start":{"line":262,"column":2},"end":{"line":262,"column":3}},"loc":{"start":{"line":262,"column":58},"end":{"line":297,"column":3}},"line":262},"26":{"name":"(anonymous_26)","decl":{"start":{"line":263,"column":23},"end":{"line":263,"column":24}},"loc":{"start":{"line":263,"column":50},"end":{"line":296,"column":5}},"line":263},"27":{"name":"(anonymous_27)","decl":{"start":{"line":268,"column":50},"end":{"line":268,"column":51}},"loc":{"start":{"line":268,"column":55},"end":{"line":268,"column":77}},"line":268},"28":{"name":"(anonymous_28)","decl":{"start":{"line":273,"column":41},"end":{"line":273,"column":42}},"loc":{"start":{"line":273,"column":46},"end":{"line":273,"column":68}},"line":273},"29":{"name":"next","decl":{"start":{"line":276,"column":15},"end":{"line":276,"column":19}},"loc":{"start":{"line":276,"column":25},"end":{"line":293,"column":7}},"line":276},"30":{"name":"(anonymous_30)","decl":{"start":{"line":299,"column":2},"end":{"line":299,"column":3}},"loc":{"start":{"line":299,"column":49},"end":{"line":370,"column":3}},"line":299},"31":{"name":"(anonymous_31)","decl":{"start":{"line":306,"column":30},"end":{"line":306,"column":31}},"loc":{"start":{"line":306,"column":40},"end":{"line":308,"column":7}},"line":306},"32":{"name":"(anonymous_32)","decl":{"start":{"line":312,"column":7},"end":{"line":312,"column":8}},"loc":{"start":{"line":312,"column":19},"end":{"line":314,"column":27}},"line":312},"33":{"name":"register","decl":{"start":{"line":319,"column":13},"end":{"line":319,"column":21}},"loc":{"start":{"line":319,"column":37},"end":{"line":369,"column":5}},"line":319},"34":{"name":"(anonymous_34)","decl":{"start":{"line":325,"column":30},"end":{"line":325,"column":31}},"loc":{"start":{"line":325,"column":40},"end":{"line":339,"column":7}},"line":325},"35":{"name":"(anonymous_35)","decl":{"start":{"line":344,"column":25},"end":{"line":344,"column":26}},"loc":{"start":{"line":344,"column":31},"end":{"line":363,"column":9}},"line":344},"36":{"name":"(anonymous_36)","decl":{"start":{"line":347,"column":62},"end":{"line":347,"column":63}},"loc":{"start":{"line":347,"column":77},"end":{"line":347,"column":98}},"line":347},"37":{"name":"(anonymous_37)","decl":{"start":{"line":348,"column":36},"end":{"line":348,"column":37}},"loc":{"start":{"line":348,"column":46},"end":{"line":350,"column":13}},"line":348},"38":{"name":"(anonymous_38)","decl":{"start":{"line":372,"column":2},"end":{"line":372,"column":3}},"loc":{"start":{"line":372,"column":27},"end":{"line":377,"column":3}},"line":372},"39":{"name":"(anonymous_39)","decl":{"start":{"line":384,"column":2},"end":{"line":384,"column":3}},"loc":{"start":{"line":384,"column":26},"end":{"line":394,"column":3}},"line":384},"40":{"name":"(anonymous_40)","decl":{"start":{"line":391,"column":28},"end":{"line":391,"column":29}},"loc":{"start":{"line":391,"column":39},"end":{"line":391,"column":48}},"line":391}},"branchMap":{"0":{"loc":{"start":{"line":22,"column":2},"end":{"line":24,"column":3}},"type":"if","locations":[{"start":{"line":22,"column":2},"end":{"line":24,"column":3}},{"start":{"line":22,"column":2},"end":{"line":24,"column":3}}],"line":22},"1":{"loc":{"start":{"line":27,"column":2},"end":{"line":29,"column":3}},"type":"if","locations":[{"start":{"line":27,"column":2},"end":{"line":29,"column":3}},{"start":{"line":27,"column":2},"end":{"line":29,"column":3}}],"line":27},"2":{"loc":{"start":{"line":33,"column":2},"end":{"line":45,"column":3}},"type":"if","locations":[{"start":{"line":33,"column":2},"end":{"line":45,"column":3}},{"start":{"line":33,"column":2},"end":{"line":45,"column":3}}],"line":33},"3":{"loc":{"start":{"line":33,"column":6},"end":{"line":33,"column":44}},"type":"binary-expr","locations":[{"start":{"line":33,"column":6},"end":{"line":33,"column":23}},{"start":{"line":33,"column":27},"end":{"line":33,"column":44}}],"line":33},"4":{"loc":{"start":{"line":37,"column":8},"end":{"line":37,"column":41}},"type":"if","locations":[{"start":{"line":37,"column":8},"end":{"line":37,"column":41}},{"start":{"line":37,"column":8},"end":{"line":37,"column":41}}],"line":37},"5":{"loc":{"start":{"line":39,"column":10},"end":{"line":39,"column":45}},"type":"if","locations":[{"start":{"line":39,"column":10},"end":{"line":39,"column":45}},{"start":{"line":39,"column":10},"end":{"line":39,"column":45}}],"line":39},"6":{"loc":{"start":{"line":48,"column":4},"end":{"line":50,"column":5}},"type":"if","locations":[{"start":{"line":48,"column":4},"end":{"line":50,"column":5}},{"start":{"line":48,"column":4},"end":{"line":50,"column":5}}],"line":48},"7":{"loc":{"start":{"line":54,"column":6},"end":{"line":60,"column":7}},"type":"if","locations":[{"start":{"line":54,"column":6},"end":{"line":60,"column":7}},{"start":{"line":54,"column":6},"end":{"line":60,"column":7}}],"line":54},"8":{"loc":{"start":{"line":56,"column":10},"end":{"line":56,"column":45}},"type":"if","locations":[{"start":{"line":56,"column":10},"end":{"line":56,"column":45}},{"start":{"line":56,"column":10},"end":{"line":56,"column":45}}],"line":56},"9":{"loc":{"start":{"line":63,"column":29},"end":{"line":63,"column":66}},"type":"cond-expr","locations":[{"start":{"line":63,"column":52},"end":{"line":63,"column":55}},{"start":{"line":63,"column":58},"end":{"line":63,"column":66}}],"line":63},"10":{"loc":{"start":{"line":77,"column":66},"end":{"line":77,"column":88}},"type":"default-arg","locations":[{"start":{"line":77,"column":80},"end":{"line":77,"column":88}}],"line":77},"11":{"loc":{"start":{"line":83,"column":15},"end":{"line":83,"column":62}},"type":"binary-expr","locations":[{"start":{"line":83,"column":16},"end":{"line":83,"column":29}},{"start":{"line":83,"column":33},"end":{"line":83,"column":55}},{"start":{"line":83,"column":60},"end":{"line":83,"column":62}}],"line":83},"12":{"loc":{"start":{"line":84,"column":16},"end":{"line":84,"column":50}},"type":"if","locations":[{"start":{"line":84,"column":16},"end":{"line":84,"column":50}},{"start":{"line":84,"column":16},"end":{"line":84,"column":50}}],"line":84},"13":{"loc":{"start":{"line":88,"column":2},"end":{"line":104,"column":3}},"type":"if","locations":[{"start":{"line":88,"column":2},"end":{"line":104,"column":3}},{"start":{"line":88,"column":2},"end":{"line":104,"column":3}}],"line":88},"14":{"loc":{"start":{"line":92,"column":9},"end":{"line":104,"column":3}},"type":"if","locations":[{"start":{"line":92,"column":9},"end":{"line":104,"column":3}},{"start":{"line":92,"column":9},"end":{"line":104,"column":3}}],"line":92},"15":{"loc":{"start":{"line":92,"column":13},"end":{"line":92,"column":38}},"type":"binary-expr","locations":[{"start":{"line":92,"column":13},"end":{"line":92,"column":21}},{"start":{"line":92,"column":25},"end":{"line":92,"column":38}}],"line":92},"16":{"loc":{"start":{"line":95,"column":8},"end":{"line":97,"column":32}},"type":"cond-expr","locations":[{"start":{"line":96,"column":12},"end":{"line":96,"column":25}},{"start":{"line":97,"column":12},"end":{"line":97,"column":32}}],"line":95},"17":{"loc":{"start":{"line":95,"column":9},"end":{"line":95,"column":61}},"type":"binary-expr","locations":[{"start":{"line":95,"column":9},"end":{"line":95,"column":33}},{"start":{"line":95,"column":37},"end":{"line":95,"column":61}}],"line":95},"18":{"loc":{"start":{"line":100,"column":9},"end":{"line":104,"column":3}},"type":"if","locations":[{"start":{"line":100,"column":9},"end":{"line":104,"column":3}},{"start":{"line":100,"column":9},"end":{"line":104,"column":3}}],"line":100},"19":{"loc":{"start":{"line":109,"column":27},"end":{"line":111,"column":31}},"type":"cond-expr","locations":[{"start":{"line":110,"column":8},"end":{"line":110,"column":60}},{"start":{"line":111,"column":8},"end":{"line":111,"column":31}}],"line":109},"20":{"loc":{"start":{"line":109,"column":28},"end":{"line":109,"column":105}},"type":"binary-expr","locations":[{"start":{"line":109,"column":28},"end":{"line":109,"column":36}},{"start":{"line":109,"column":40},"end":{"line":109,"column":53}},{"start":{"line":109,"column":57},"end":{"line":109,"column":79}},{"start":{"line":109,"column":83},"end":{"line":109,"column":105}}],"line":109},"21":{"loc":{"start":{"line":132,"column":38},"end":{"line":132,"column":59}},"type":"binary-expr","locations":[{"start":{"line":132,"column":38},"end":{"line":132,"column":49}},{"start":{"line":132,"column":53},"end":{"line":132,"column":59}}],"line":132},"22":{"loc":{"start":{"line":145,"column":10},"end":{"line":145,"column":49}},"type":"cond-expr","locations":[{"start":{"line":145,"column":31},"end":{"line":145,"column":44}},{"start":{"line":145,"column":47},"end":{"line":145,"column":49}}],"line":145},"23":{"loc":{"start":{"line":168,"column":9},"end":{"line":168,"column":32}},"type":"binary-expr","locations":[{"start":{"line":168,"column":9},"end":{"line":168,"column":23}},{"start":{"line":168,"column":27},"end":{"line":168,"column":32}}],"line":168},"24":{"loc":{"start":{"line":176,"column":8},"end":{"line":180,"column":9}},"type":"if","locations":[{"start":{"line":176,"column":8},"end":{"line":180,"column":9}},{"start":{"line":176,"column":8},"end":{"line":180,"column":9}}],"line":176},"25":{"loc":{"start":{"line":183,"column":6},"end":{"line":185,"column":7}},"type":"if","locations":[{"start":{"line":183,"column":6},"end":{"line":185,"column":7}},{"start":{"line":183,"column":6},"end":{"line":185,"column":7}}],"line":183},"26":{"loc":{"start":{"line":194,"column":2},"end":{"line":224,"column":3}},"type":"if","locations":[{"start":{"line":194,"column":2},"end":{"line":224,"column":3}},{"start":{"line":194,"column":2},"end":{"line":224,"column":3}}],"line":194},"27":{"loc":{"start":{"line":198,"column":8},"end":{"line":200,"column":9}},"type":"if","locations":[{"start":{"line":198,"column":8},"end":{"line":200,"column":9}},{"start":{"line":198,"column":8},"end":{"line":200,"column":9}}],"line":198},"28":{"loc":{"start":{"line":202,"column":8},"end":{"line":204,"column":9}},"type":"if","locations":[{"start":{"line":202,"column":8},"end":{"line":204,"column":9}},{"start":{"line":202,"column":8},"end":{"line":204,"column":9}}],"line":202},"29":{"loc":{"start":{"line":215,"column":6},"end":{"line":217,"column":7}},"type":"if","locations":[{"start":{"line":215,"column":6},"end":{"line":217,"column":7}},{"start":{"line":215,"column":6},"end":{"line":217,"column":7}}],"line":215},"30":{"loc":{"start":{"line":235,"column":4},"end":{"line":241,"column":5}},"type":"if","locations":[{"start":{"line":235,"column":4},"end":{"line":241,"column":5}},{"start":{"line":235,"column":4},"end":{"line":241,"column":5}}],"line":235},"31":{"loc":{"start":{"line":236,"column":6},"end":{"line":240,"column":7}},"type":"if","locations":[{"start":{"line":236,"column":6},"end":{"line":240,"column":7}},{"start":{"line":236,"column":6},"end":{"line":240,"column":7}}],"line":236},"32":{"loc":{"start":{"line":238,"column":13},"end":{"line":240,"column":7}},"type":"if","locations":[{"start":{"line":238,"column":13},"end":{"line":240,"column":7}},{"start":{"line":238,"column":13},"end":{"line":240,"column":7}}],"line":238},"33":{"loc":{"start":{"line":277,"column":8},"end":{"line":279,"column":9}},"type":"if","locations":[{"start":{"line":277,"column":8},"end":{"line":279,"column":9}},{"start":{"line":277,"column":8},"end":{"line":279,"column":9}}],"line":277},"34":{"loc":{"start":{"line":280,"column":8},"end":{"line":282,"column":9}},"type":"if","locations":[{"start":{"line":280,"column":8},"end":{"line":282,"column":9}},{"start":{"line":280,"column":8},"end":{"line":282,"column":9}}],"line":280},"35":{"loc":{"start":{"line":280,"column":12},"end":{"line":280,"column":45}},"type":"binary-expr","locations":[{"start":{"line":280,"column":12},"end":{"line":280,"column":13}},{"start":{"line":280,"column":17},"end":{"line":280,"column":45}}],"line":280},"36":{"loc":{"start":{"line":285,"column":8},"end":{"line":287,"column":9}},"type":"if","locations":[{"start":{"line":285,"column":8},"end":{"line":287,"column":9}},{"start":{"line":285,"column":8},"end":{"line":287,"column":9}}],"line":285},"37":{"loc":{"start":{"line":305,"column":4},"end":{"line":309,"column":5}},"type":"if","locations":[{"start":{"line":305,"column":4},"end":{"line":309,"column":5}},{"start":{"line":305,"column":4},"end":{"line":309,"column":5}}],"line":305},"38":{"loc":{"start":{"line":313,"column":24},"end":{"line":313,"column":90}},"type":"cond-expr","locations":[{"start":{"line":313,"column":42},"end":{"line":313,"column":85}},{"start":{"line":313,"column":88},"end":{"line":313,"column":90}}],"line":313},"39":{"loc":{"start":{"line":320,"column":6},"end":{"line":323,"column":7}},"type":"if","locations":[{"start":{"line":320,"column":6},"end":{"line":323,"column":7}},{"start":{"line":320,"column":6},"end":{"line":323,"column":7}}],"line":320},"40":{"loc":{"start":{"line":321,"column":8},"end":{"line":321,"column":37}},"type":"if","locations":[{"start":{"line":321,"column":8},"end":{"line":321,"column":37}},{"start":{"line":321,"column":8},"end":{"line":321,"column":37}}],"line":321},"41":{"loc":{"start":{"line":326,"column":8},"end":{"line":330,"column":9}},"type":"if","locations":[{"start":{"line":326,"column":8},"end":{"line":330,"column":9}},{"start":{"line":326,"column":8},"end":{"line":330,"column":9}}],"line":326},"42":{"loc":{"start":{"line":328,"column":10},"end":{"line":328,"column":41}},"type":"if","locations":[{"start":{"line":328,"column":10},"end":{"line":328,"column":41}},{"start":{"line":328,"column":10},"end":{"line":328,"column":41}}],"line":328},"43":{"loc":{"start":{"line":333,"column":8},"end":{"line":335,"column":9}},"type":"if","locations":[{"start":{"line":333,"column":8},"end":{"line":335,"column":9}},{"start":{"line":333,"column":8},"end":{"line":335,"column":9}}],"line":333},"44":{"loc":{"start":{"line":337,"column":8},"end":{"line":337,"column":82}},"type":"if","locations":[{"start":{"line":337,"column":8},"end":{"line":337,"column":82}},{"start":{"line":337,"column":8},"end":{"line":337,"column":82}}],"line":337},"45":{"loc":{"start":{"line":341,"column":6},"end":{"line":365,"column":7}},"type":"if","locations":[{"start":{"line":341,"column":6},"end":{"line":365,"column":7}},{"start":{"line":341,"column":6},"end":{"line":365,"column":7}}],"line":341},"46":{"loc":{"start":{"line":341,"column":10},"end":{"line":341,"column":38}},"type":"binary-expr","locations":[{"start":{"line":341,"column":10},"end":{"line":341,"column":18}},{"start":{"line":341,"column":22},"end":{"line":341,"column":38}}],"line":341},"47":{"loc":{"start":{"line":345,"column":10},"end":{"line":354,"column":11}},"type":"if","locations":[{"start":{"line":345,"column":10},"end":{"line":354,"column":11}},{"start":{"line":345,"column":10},"end":{"line":354,"column":11}}],"line":345},"48":{"loc":{"start":{"line":349,"column":14},"end":{"line":349,"column":62}},"type":"if","locations":[{"start":{"line":349,"column":14},"end":{"line":349,"column":62}},{"start":{"line":349,"column":14},"end":{"line":349,"column":62}}],"line":349},"49":{"loc":{"start":{"line":351,"column":12},"end":{"line":353,"column":13}},"type":"if","locations":[{"start":{"line":351,"column":12},"end":{"line":353,"column":13}},{"start":{"line":351,"column":12},"end":{"line":353,"column":13}}],"line":351},"50":{"loc":{"start":{"line":356,"column":10},"end":{"line":359,"column":11}},"type":"if","locations":[{"start":{"line":356,"column":10},"end":{"line":359,"column":11}},{"start":{"line":356,"column":10},"end":{"line":359,"column":11}}],"line":356},"51":{"loc":{"start":{"line":356,"column":14},"end":{"line":356,"column":42}},"type":"binary-expr","locations":[{"start":{"line":356,"column":14},"end":{"line":356,"column":22}},{"start":{"line":356,"column":26},"end":{"line":356,"column":42}}],"line":356},"52":{"loc":{"start":{"line":362,"column":10},"end":{"line":362,"column":72}},"type":"if","locations":[{"start":{"line":362,"column":10},"end":{"line":362,"column":72}},{"start":{"line":362,"column":10},"end":{"line":362,"column":72}}],"line":362},"53":{"loc":{"start":{"line":367,"column":6},"end":{"line":367,"column":65}},"type":"if","locations":[{"start":{"line":367,"column":6},"end":{"line":367,"column":65}},{"start":{"line":367,"column":6},"end":{"line":367,"column":65}}],"line":367},"54":{"loc":{"start":{"line":373,"column":4},"end":{"line":375,"column":5}},"type":"if","locations":[{"start":{"line":373,"column":4},"end":{"line":375,"column":5}},{"start":{"line":373,"column":4},"end":{"line":375,"column":5}}],"line":373},"55":{"loc":{"start":{"line":386,"column":4},"end":{"line":389,"column":5}},"type":"if","locations":[{"start":{"line":386,"column":4},"end":{"line":389,"column":5}},{"start":{"line":386,"column":4},"end":{"line":389,"column":5}}],"line":386},"56":{"loc":{"start":{"line":388,"column":13},"end":{"line":388,"column":40}},"type":"cond-expr","locations":[{"start":{"line":388,"column":23},"end":{"line":388,"column":32}},{"start":{"line":388,"column":35},"end":{"line":388,"column":40}}],"line":388}},"s":{"0":1,"1":1,"2":23,"3":6,"4":23,"5":23,"6":3,"7":20,"8":20,"9":20,"10":17,"11":17,"12":17,"13":17,"14":6,"15":17,"16":17,"17":6,"18":17,"19":17,"20":3,"21":11,"22":11,"23":1,"24":10,"25":10,"26":10,"27":2,"28":2,"29":0,"30":2,"31":2,"32":8,"33":8,"34":3,"35":1,"36":7,"37":7,"38":7,"39":5,"40":2,"41":0,"42":7,"43":7,"44":2,"45":2,"46":2,"47":5,"48":5,"49":5,"50":0,"51":0,"52":0,"53":0,"54":0,"55":5,"56":5,"57":0,"58":5,"59":5,"60":5,"61":5,"62":5,"63":1,"64":3,"65":3,"66":0,"67":3,"68":5,"69":3,"70":5,"71":4,"72":1,"73":14,"74":14,"75":27,"76":14,"77":14,"78":14,"79":14,"80":27,"81":27,"82":27,"83":27,"84":27,"85":3,"86":3,"87":3,"88":0,"89":27,"90":1,"91":26,"92":26,"93":18,"94":26,"95":26,"96":14,"97":1,"98":1,"99":1,"100":3,"101":0,"102":3,"103":3,"104":3,"105":1,"106":0,"107":1,"108":3,"109":0,"110":1,"111":1,"112":1,"113":1,"114":13,"115":1,"116":14,"117":26,"118":26,"119":1,"120":25,"121":1,"122":24,"123":12,"124":12,"125":12,"126":12,"127":12,"128":11,"129":11,"130":11,"131":11,"132":11,"133":22,"134":0,"135":11,"136":22,"137":33,"138":0,"139":33,"140":20,"141":33,"142":33,"143":11,"144":22,"145":22,"146":0,"147":11,"148":22,"149":22,"150":22,"151":22,"152":22,"153":22,"154":0,"155":22,"156":22,"157":22,"158":0,"159":22,"160":0,"161":0,"162":0,"163":22,"164":18,"165":0,"166":0,"167":0,"168":0,"169":18,"170":18,"171":9,"172":18,"173":0,"174":18,"175":22,"176":1,"177":21,"178":3,"179":1,"180":1,"181":1,"182":1,"183":1,"184":1,"185":1,"186":1,"187":2,"188":0,"189":0,"190":2,"191":2,"192":0,"193":21,"194":22,"195":0,"196":22,"197":2,"198":1,"199":1,"200":5,"201":5,"202":4,"203":4,"204":1,"205":2,"206":1,"207":1},"f":{"0":23,"1":17,"2":17,"3":17,"4":11,"5":11,"6":10,"7":2,"8":7,"9":3,"10":3,"11":0,"12":5,"13":5,"14":4,"15":14,"16":27,"17":18,"18":1,"19":3,"20":0,"21":3,"22":14,"23":26,"24":12,"25":11,"26":11,"27":22,"28":22,"29":33,"30":22,"31":0,"32":22,"33":22,"34":18,"35":3,"36":1,"37":1,"38":2,"39":5,"40":2},"b":{"0":[6,17],"1":[3,20],"2":[17,3],"3":[20,7],"4":[6,11],"5":[6,11],"6":[1,10],"7":[2,8],"8":[0,2],"9":[0,8],"10":[7],"11":[5,5,0],"12":[0,2],"13":[2,5],"14":[5,0],"15":[5,5],"16":[2,3],"17":[5,5],"18":[0,0],"19":[5,0],"20":[5,5,5,5],"21":[5,5],"22":[0,4],"23":[41,28],"24":[3,0],"25":[1,26],"26":[1,13],"27":[0,3],"28":[3,0],"29":[0,3],"30":[26,0],"31":[1,25],"32":[1,24],"33":[0,33],"34":[20,13],"35":[33,22],"36":[11,22],"37":[22,0],"38":[13,9],"39":[0,22],"40":[0,0],"41":[0,18],"42":[0,0],"43":[9,9],"44":[0,18],"45":[1,21],"46":[22,22],"47":[1,2],"48":[1,0],"49":[1,0],"50":[0,2],"51":[2,2],"52":[0,2],"53":[0,22],"54":[1,1],"55":[4,1],"56":[1,3]},"_coverageSchema":"332fd63041d2c1bcb487cc26dd0d5f7d97098a6c","hash":"efd9302840c92cf70d30e8899d7307760e677d6d"}
,"/opt/briskhome/src/utilities/helpers.js": {"path":"/opt/briskhome/src/utilities/helpers.js","statementMap":{"0":{"start":{"line":13,"column":25},"end":{"line":22,"column":1}},"1":{"start":{"line":14,"column":12},"end":{"line":14,"column":72}},"2":{"start":{"line":15,"column":2},"end":{"line":21,"column":3}},"3":{"start":{"line":16,"column":4},"end":{"line":16,"column":69}},"4":{"start":{"line":18,"column":4},"end":{"line":20,"column":38}},"5":{"start":{"line":19,"column":6},"end":{"line":19,"column":119}},"6":{"start":{"line":19,"column":41},"end":{"line":19,"column":93}},"7":{"start":{"line":20,"column":19},"end":{"line":20,"column":36}},"8":{"start":{"line":28,"column":29},"end":{"line":44,"column":1}},"9":{"start":{"line":29,"column":31},"end":{"line":29,"column":35}},"10":{"start":{"line":35,"column":2},"end":{"line":37,"column":3}},"11":{"start":{"line":36,"column":4},"end":{"line":36,"column":76}},"12":{"start":{"line":39,"column":2},"end":{"line":41,"column":3}},"13":{"start":{"line":40,"column":4},"end":{"line":40,"column":86}},"14":{"start":{"line":43,"column":2},"end":{"line":43,"column":24}}},"fnMap":{"0":{"name":"(anonymous_0)","decl":{"start":{"line":13,"column":25},"end":{"line":13,"column":26}},"loc":{"start":{"line":13,"column":57},"end":{"line":22,"column":1}},"line":13},"1":{"name":"(anonymous_1)","decl":{"start":{"line":19,"column":22},"end":{"line":19,"column":23}},"loc":{"start":{"line":19,"column":41},"end":{"line":19,"column":93}},"line":19},"2":{"name":"(anonymous_2)","decl":{"start":{"line":28,"column":29},"end":{"line":28,"column":30}},"loc":{"start":{"line":28,"column":55},"end":{"line":44,"column":1}},"line":28}},"branchMap":{"0":{"loc":{"start":{"line":13,"column":26},"end":{"line":13,"column":44}},"type":"default-arg","locations":[{"start":{"line":13,"column":43},"end":{"line":13,"column":44}}],"line":13},"1":{"loc":{"start":{"line":19,"column":41},"end":{"line":19,"column":93}},"type":"cond-expr","locations":[{"start":{"line":19,"column":79},"end":{"line":19,"column":87}},{"start":{"line":19,"column":90},"end":{"line":19,"column":93}}],"line":19},"2":{"loc":{"start":{"line":19,"column":41},"end":{"line":19,"column":76}},"type":"binary-expr","locations":[{"start":{"line":19,"column":41},"end":{"line":19,"column":52}},{"start":{"line":19,"column":56},"end":{"line":19,"column":76}}],"line":19},"3":{"loc":{"start":{"line":35,"column":2},"end":{"line":37,"column":3}},"type":"if","locations":[{"start":{"line":35,"column":2},"end":{"line":37,"column":3}},{"start":{"line":35,"column":2},"end":{"line":37,"column":3}}],"line":35},"4":{"loc":{"start":{"line":39,"column":2},"end":{"line":41,"column":3}},"type":"if","locations":[{"start":{"line":39,"column":2},"end":{"line":41,"column":3}},{"start":{"line":39,"column":2},"end":{"line":41,"column":3}}],"line":39}},"s":{"0":4,"1":2,"2":2,"3":2,"4":2,"5":2,"6":10,"7":0,"8":4,"9":0,"10":0,"11":0,"12":0,"13":0,"14":0},"f":{"0":2,"1":10,"2":0},"b":{"0":[2],"1":[0,10],"2":[10,10],"3":[0,0],"4":[0,0]},"_coverageSchema":"332fd63041d2c1bcb487cc26dd0d5f7d97098a6c","hash":"4dbdb62b3ddd3fbc708dadacdc702f5f2ee1778c"}
,"/opt/briskhome/src/utilities/resources.js": {"path":"/opt/briskhome/src/utilities/resources.js","statementMap":{"0":{"start":{"line":15,"column":25},"end":{"line":30,"column":8}},"1":{"start":{"line":16,"column":2},"end":{"line":30,"column":8}},"2":{"start":{"line":17,"column":4},"end":{"line":17,"column":59}},"3":{"start":{"line":17,"column":48},"end":{"line":17,"column":59}},"4":{"start":{"line":18,"column":4},"end":{"line":29,"column":6}},"5":{"start":{"line":20,"column":8},"end":{"line":27,"column":9}},"6":{"start":{"line":22,"column":12},"end":{"line":22,"column":56}},"7":{"start":{"line":24,"column":12},"end":{"line":24,"column":73}},"8":{"start":{"line":26,"column":12},"end":{"line":26,"column":82}},"9":{"start":{"line":32,"column":28},"end":{"line":34,"column":1}},"10":{"start":{"line":33,"column":2},"end":{"line":33,"column":38}}},"fnMap":{"0":{"name":"(anonymous_0)","decl":{"start":{"line":15,"column":25},"end":{"line":15,"column":26}},"loc":{"start":{"line":16,"column":2},"end":{"line":30,"column":8}},"line":16},"1":{"name":"(anonymous_1)","decl":{"start":{"line":16,"column":26},"end":{"line":16,"column":27}},"loc":{"start":{"line":16,"column":43},"end":{"line":30,"column":3}},"line":16},"2":{"name":"(anonymous_2)","decl":{"start":{"line":19,"column":11},"end":{"line":19,"column":12}},"loc":{"start":{"line":19,"column":25},"end":{"line":28,"column":7}},"line":19},"3":{"name":"(anonymous_3)","decl":{"start":{"line":32,"column":28},"end":{"line":32,"column":29}},"loc":{"start":{"line":32,"column":34},"end":{"line":34,"column":1}},"line":32}},"branchMap":{"0":{"loc":{"start":{"line":17,"column":4},"end":{"line":17,"column":59}},"type":"if","locations":[{"start":{"line":17,"column":4},"end":{"line":17,"column":59}},{"start":{"line":17,"column":4},"end":{"line":17,"column":59}}],"line":17},"1":{"loc":{"start":{"line":20,"column":8},"end":{"line":27,"column":9}},"type":"switch","locations":[{"start":{"line":21,"column":10},"end":{"line":22,"column":56}},{"start":{"line":23,"column":10},"end":{"line":24,"column":73}},{"start":{"line":25,"column":10},"end":{"line":26,"column":82}}],"line":20}},"s":{"0":1,"1":0,"2":0,"3":0,"4":0,"5":0,"6":0,"7":0,"8":0,"9":1,"10":0},"f":{"0":0,"1":0,"2":0,"3":0},"b":{"0":[0,0],"1":[0,0,0]},"_coverageSchema":"332fd63041d2c1bcb487cc26dd0d5f7d97098a6c","hash":"e83c07919bf80ea13fe4be3d92da10e8e672f504"}
}
