TN:
SF:/opt/briskhome/src/core.bus/index.js
FN:9,(anonymous_0)
FN:18,coreEvent
FN:22,coreEvent
FN:26,(anonymous_3)
FN:27,(anonymous_4)
FNF:5
FNH:1
FNDA:1,(anonymous_0)
FNDA:0,coreEvent
FNDA:0,coreEvent
FNDA:0,(anonymous_3)
FNDA:0,(anonymous_4)
DA:10,1
DA:11,1
DA:18,1
DA:19,0
DA:22,1
DA:23,0
DA:26,1
DA:27,0
DA:28,0
DA:32,1
LF:10
LH:6
BRF:0
BRH:0
end_of_record
TN:
SF:/opt/briskhome/src/core.config/index.js
FN:13,(anonymous_0)
FN:14,(anonymous_1)
FN:22,(anonymous_2)
FN:30,(anonymous_3)
FN:41,(anonymous_4)
FNF:5
FNH:3
FNDA:2,(anonymous_0)
FNDA:0,(anonymous_1)
FNDA:0,(anonymous_2)
FNDA:4,(anonymous_3)
FNDA:2,(anonymous_4)
DA:14,2
DA:22,2
DA:28,2
DA:29,2
DA:30,4
DA:40,2
DA:42,2
LF:7
LH:7
BRDA:29,0,0,2
BRDA:29,0,1,2
BRDA:42,1,0,0
BRDA:42,1,1,2
BRF:4
BRH:3
end_of_record
TN:
SF:/opt/briskhome/src/core.log/index.js
FN:10,(anonymous_0)
FN:20,(anonymous_1)
FNF:2
FNH:2
FNDA:2,(anonymous_0)
FNDA:1,(anonymous_1)
DA:11,2
DA:19,2
DA:21,1
DA:24,1
DA:25,1
LF:5
LH:5
BRDA:22,0,0,1
BRDA:22,0,1,1
BRF:2
BRH:2
end_of_record
TN:
SF:/opt/briskhome/src/core.notifications/constants.js
FNF:0
FNH:0
DA:1,1
LF:1
LH:1
BRF:0
BRH:0
end_of_record
TN:
SF:/opt/briskhome/src/core.notifications/index.js
FN:28,(anonymous_0)
FN:39,Notifications
FN:45,init
FN:54,update
FN:69,define
FN:84,(anonymous_5)
FN:115,subscribe
FN:149,unsubscribe
FN:177,(anonymous_8)
FN:189,evaluate
FN:205,(anonymous_10)
FN:211,(anonymous_11)
FN:215,(anonymous_12)
FN:216,(anonymous_13)
FN:226,(anonymous_14)
FN:227,(anonymous_15)
FN:257,verify
FN:259,(anonymous_17)
FN:280,providers
FNF:19
FNH:11
FNDA:21,(anonymous_0)
FNDA:21,Notifications
FNDA:21,init
FNDA:0,update
FNDA:4,define
FNDA:0,(anonymous_5)
FNDA:4,subscribe
FNDA:5,unsubscribe
FNDA:0,(anonymous_8)
FNDA:8,evaluate
FNDA:0,(anonymous_10)
FNDA:0,(anonymous_11)
FNDA:5,(anonymous_12)
FNDA:5,(anonymous_13)
FNDA:3,(anonymous_14)
FNDA:3,(anonymous_15)
FNDA:0,verify
FNDA:0,(anonymous_17)
FNDA:0,providers
DA:29,21
DA:30,21
DA:31,21
DA:33,21
DA:34,21
DA:40,21
DA:42,21
DA:45,21
DA:54,21
DA:69,21
DA:71,4
DA:72,4
DA:75,4
DA:76,4
DA:78,1
DA:79,1
DA:82,3
DA:83,1
DA:84,1
DA:87,3
DA:89,1
DA:90,1
DA:92,2
DA:93,2
DA:94,2
DA:95,1
DA:97,1
DA:98,1
DA:102,2
DA:115,21
DA:117,4
DA:118,4
DA:121,4
DA:122,4
DA:124,1
DA:125,1
DA:128,3
DA:129,3
DA:130,3
DA:131,3
DA:133,1
DA:134,1
DA:137,2
DA:149,21
DA:151,5
DA:156,5
DA:157,5
DA:158,4
DA:160,2
DA:161,2
DA:165,3
DA:166,3
DA:167,3
DA:169,3
DA:170,3
DA:172,1
DA:173,1
DA:176,2
DA:177,1
DA:180,2
DA:189,21
DA:190,8
DA:195,8
DA:196,8
DA:197,8
DA:199,1
DA:200,1
DA:203,7
DA:204,1
DA:205,1
DA:206,1
DA:209,6
DA:210,1
DA:211,1
DA:212,1
DA:215,5
DA:216,5
DA:217,5
DA:220,5
DA:221,1
DA:224,4
DA:225,3
DA:226,3
DA:228,3
DA:229,1
DA:230,1
DA:233,2
DA:234,2
DA:236,1
DA:237,1
DA:240,1
DA:244,1
DA:245,1
DA:257,21
DA:259,0
DA:260,0
DA:261,0
DA:262,0
DA:263,0
DA:267,0
DA:268,0
DA:269,0
DA:272,0
DA:273,0
DA:280,21
DA:282,0
DA:285,21
DA:294,21
LF:108
LH:97
BRDA:82,0,0,1
BRDA:82,0,1,2
BRDA:87,1,0,1
BRDA:87,1,1,2
BRDA:118,2,0,4
BRDA:118,2,1,4
BRDA:176,3,0,1
BRDA:176,3,1,1
BRDA:203,4,0,1
BRDA:203,4,1,6
BRDA:209,5,0,1
BRDA:209,5,1,5
BRDA:217,6,0,5
BRDA:217,6,1,5
BRDA:220,7,0,1
BRDA:220,7,1,4
BRDA:224,8,0,3
BRDA:224,8,1,1
BRDA:228,9,0,1
BRDA:228,9,1,2
BRDA:262,10,0,0
BRDA:262,10,1,0
BRDA:267,11,0,0
BRDA:267,11,1,0
BRF:24
BRH:20
end_of_record
TN:
SF:/opt/briskhome/src/core.pki/index.js
FN:12,(anonymous_0)
FN:18,PKI
FN:39,generateRequest
FN:40,(anonymous_3)
FN:50,(anonymous_4)
FN:80,(anonymous_5)
FN:104,issue
FN:105,(anonymous_7)
FN:206,sign
FN:207,(anonymous_9)
FN:231,(anonymous_10)
FN:235,(anonymous_11)
FNF:12
FNH:7
FNDA:8,(anonymous_0)
FNDA:8,PKI
FNDA:2,generateRequest
FNDA:2,(anonymous_3)
FNDA:0,(anonymous_4)
FNDA:0,(anonymous_5)
FNDA:0,issue
FNDA:0,(anonymous_7)
FNDA:6,sign
FNDA:6,(anonymous_9)
FNDA:0,(anonymous_10)
FNDA:2,(anonymous_11)
DA:13,8
DA:39,8
DA:40,2
DA:41,2
DA:42,2
DA:43,2
DA:44,2
DA:47,0
DA:48,0
DA:50,0
DA:51,0
DA:52,0
DA:53,0
DA:56,0
DA:57,0
DA:59,0
DA:60,0
DA:61,0
DA:62,0
DA:63,0
DA:66,0
DA:67,0
DA:68,0
DA:69,0
DA:72,0
DA:73,0
DA:74,0
DA:75,0
DA:76,0
DA:79,0
DA:80,0
DA:81,0
DA:82,0
DA:83,0
DA:86,0
DA:104,8
DA:105,0
DA:106,0
DA:107,0
DA:108,0
DA:111,0
DA:112,0
DA:113,0
DA:114,0
DA:115,0
DA:134,0
DA:137,0
DA:138,0
DA:193,0
DA:196,0
DA:206,8
DA:207,6
DA:208,6
DA:213,4
DA:214,4
DA:215,4
DA:218,2
DA:223,2
DA:224,1
DA:227,2
DA:228,2
DA:229,2
DA:231,2
DA:232,0
DA:235,2
DA:236,2
DA:237,2
DA:238,2
DA:239,2
DA:242,0
DA:247,8
LF:71
LH:27
BRDA:41,0,0,2
BRDA:41,0,1,0
BRDA:41,1,0,2
BRDA:41,1,1,1
BRDA:48,2,0,0
BRDA:48,2,1,0
BRDA:51,3,0,0
BRDA:51,3,1,0
BRDA:68,4,0,0
BRDA:68,4,1,0
BRDA:73,5,0,0
BRDA:73,5,1,0
BRDA:81,6,0,0
BRDA:81,6,1,0
BRDA:208,7,0,4
BRDA:208,7,1,2
BRDA:208,8,0,6
BRDA:208,8,1,5
BRDA:208,8,2,4
BRDA:208,8,3,3
BRDA:223,9,0,1
BRDA:223,9,1,1
BRDA:236,10,0,2
BRDA:236,10,1,0
BRF:24
BRH:12
end_of_record
TN:
SF:/opt/briskhome/src/utilities/architect.js
FN:21,(anonymous_0)
FN:34,(anonymous_1)
FN:36,(anonymous_2)
FN:38,(anonymous_3)
FN:47,(anonymous_4)
FN:47,(anonymous_5)
FN:53,(anonymous_6)
FN:55,(anonymous_7)
FN:77,(anonymous_8)
FN:129,(anonymous_9)
FN:130,(anonymous_10)
FN:130,(anonymous_11)
FN:131,(anonymous_12)
FN:136,(anonymous_13)
FN:137,(anonymous_14)
FN:153,(anonymous_15)
FN:170,(anonymous_16)
FN:188,(anonymous_17)
FN:196,(anonymous_18)
FN:197,(anonymous_19)
FN:209,(anonymous_20)
FN:214,(anonymous_21)
FN:233,(anonymous_22)
FN:234,(anonymous_23)
FN:254,(anonymous_24)
FN:262,(anonymous_25)
FN:263,(anonymous_26)
FN:268,(anonymous_27)
FN:273,(anonymous_28)
FN:276,next
FN:299,(anonymous_30)
FN:306,(anonymous_31)
FN:312,(anonymous_32)
FN:319,register
FN:325,(anonymous_34)
FN:344,(anonymous_35)
FN:347,(anonymous_36)
FN:348,(anonymous_37)
FN:372,(anonymous_38)
FN:384,(anonymous_39)
FN:391,(anonymous_40)
FNF:41
FNH:38
FNDA:23,(anonymous_0)
FNDA:17,(anonymous_1)
FNDA:17,(anonymous_2)
FNDA:17,(anonymous_3)
FNDA:11,(anonymous_4)
FNDA:11,(anonymous_5)
FNDA:10,(anonymous_6)
FNDA:2,(anonymous_7)
FNDA:7,(anonymous_8)
FNDA:3,(anonymous_9)
FNDA:3,(anonymous_10)
FNDA:0,(anonymous_11)
FNDA:5,(anonymous_12)
FNDA:5,(anonymous_13)
FNDA:4,(anonymous_14)
FNDA:14,(anonymous_15)
FNDA:27,(anonymous_16)
FNDA:18,(anonymous_17)
FNDA:1,(anonymous_18)
FNDA:3,(anonymous_19)
FNDA:0,(anonymous_20)
FNDA:3,(anonymous_21)
FNDA:14,(anonymous_22)
FNDA:26,(anonymous_23)
FNDA:12,(anonymous_24)
FNDA:11,(anonymous_25)
FNDA:11,(anonymous_26)
FNDA:22,(anonymous_27)
FNDA:22,(anonymous_28)
FNDA:33,next
FNDA:22,(anonymous_30)
FNDA:0,(anonymous_31)
FNDA:22,(anonymous_32)
FNDA:22,register
FNDA:18,(anonymous_34)
FNDA:3,(anonymous_35)
FNDA:1,(anonymous_36)
FNDA:1,(anonymous_37)
FNDA:2,(anonymous_38)
FNDA:5,(anonymous_39)
FNDA:2,(anonymous_40)
DA:13,1
DA:21,1
DA:22,23
DA:23,6
DA:26,23
DA:27,23
DA:28,3
DA:31,20
DA:32,20
DA:33,20
DA:34,17
DA:35,17
DA:36,17
DA:37,17
DA:38,17
DA:39,17
DA:40,17
DA:41,17
DA:47,11
DA:48,11
DA:49,1
DA:52,10
DA:53,10
DA:54,10
DA:55,2
DA:56,2
DA:57,2
DA:58,2
DA:62,8
DA:63,8
DA:67,3
DA:77,1
DA:79,7
DA:81,7
DA:82,7
DA:83,5
DA:84,2
DA:86,7
DA:88,7
DA:89,2
DA:90,2
DA:91,2
DA:92,5
DA:93,5
DA:94,5
DA:99,0
DA:100,0
DA:101,0
DA:102,0
DA:103,0
DA:108,5
DA:109,5
DA:112,0
DA:114,5
DA:115,5
DA:116,5
DA:117,5
DA:119,5
DA:129,1
DA:130,3
DA:131,3
DA:132,5
DA:135,3
DA:136,5
DA:137,4
DA:153,1
DA:154,14
DA:155,14
DA:156,27
DA:164,14
DA:165,14
DA:167,14
DA:168,14
DA:169,27
DA:170,27
DA:171,27
DA:173,27
DA:174,27
DA:175,3
DA:176,3
DA:177,3
DA:179,0
DA:183,27
DA:184,1
DA:187,26
DA:188,26
DA:189,26
DA:190,26
DA:194,14
DA:195,1
DA:196,1
DA:197,1
DA:198,3
DA:199,0
DA:202,3
DA:203,3
DA:206,3
DA:209,1
DA:210,0
DA:214,1
DA:215,3
DA:216,0
DA:220,1
DA:221,1
DA:222,1
DA:223,1
DA:226,13
DA:233,1
DA:234,14
DA:235,26
DA:236,26
DA:237,1
DA:238,25
DA:239,1
DA:242,24
DA:255,12
DA:256,12
DA:257,12
DA:258,12
DA:259,12
DA:263,11
DA:264,11
DA:265,11
DA:267,11
DA:268,22
DA:270,0
DA:273,22
DA:277,33
DA:278,0
DA:280,33
DA:281,20
DA:284,33
DA:285,33
DA:286,11
DA:288,22
DA:289,22
DA:291,0
DA:295,11
DA:300,22
DA:301,22
DA:302,22
DA:303,22
DA:305,22
DA:306,22
DA:307,0
DA:311,22
DA:312,22
DA:316,0
DA:320,22
DA:321,0
DA:322,0
DA:325,22
DA:326,18
DA:327,0
DA:328,0
DA:329,0
DA:332,18
DA:333,18
DA:334,9
DA:337,18
DA:338,18
DA:341,22
DA:342,1
DA:344,21
DA:345,3
DA:346,1
DA:347,1
DA:348,1
DA:349,1
DA:351,1
DA:352,1
DA:356,2
DA:357,0
DA:358,0
DA:361,2
DA:362,2
DA:364,21
DA:367,22
DA:368,22
DA:373,2
DA:374,1
DA:376,1
DA:385,5
DA:386,5
DA:387,4
DA:388,4
DA:391,2
DA:392,1
DA:393,1
LF:189
LH:167
BRDA:22,0,0,6
BRDA:22,0,1,17
BRDA:27,1,0,3
BRDA:27,1,1,20
BRDA:33,2,0,17
BRDA:33,2,1,3
BRDA:33,3,0,20
BRDA:33,3,1,7
BRDA:37,4,0,6
BRDA:37,4,1,11
BRDA:39,5,0,6
BRDA:39,5,1,11
BRDA:48,6,0,1
BRDA:48,6,1,10
BRDA:54,7,0,2
BRDA:54,7,1,8
BRDA:56,8,0,0
BRDA:56,8,1,2
BRDA:63,9,0,0
BRDA:63,9,1,8
BRDA:77,10,0,7
BRDA:83,11,0,5
BRDA:83,11,1,5
BRDA:83,11,2,0
BRDA:84,12,0,0
BRDA:84,12,1,2
BRDA:88,13,0,2
BRDA:88,13,1,5
BRDA:92,14,0,5
BRDA:92,14,1,0
BRDA:92,15,0,5
BRDA:92,15,1,5
BRDA:95,16,0,2
BRDA:95,16,1,3
BRDA:95,17,0,5
BRDA:95,17,1,5
BRDA:100,18,0,0
BRDA:100,18,1,0
BRDA:109,19,0,5
BRDA:109,19,1,0
BRDA:109,20,0,5
BRDA:109,20,1,5
BRDA:109,20,2,5
BRDA:109,20,3,5
BRDA:132,21,0,5
BRDA:132,21,1,5
BRDA:145,22,0,0
BRDA:145,22,1,4
BRDA:168,23,0,41
BRDA:168,23,1,28
BRDA:176,24,0,3
BRDA:176,24,1,0
BRDA:183,25,0,1
BRDA:183,25,1,26
BRDA:194,26,0,1
BRDA:194,26,1,13
BRDA:198,27,0,0
BRDA:198,27,1,3
BRDA:202,28,0,3
BRDA:202,28,1,0
BRDA:215,29,0,0
BRDA:215,29,1,3
BRDA:235,30,0,26
BRDA:235,30,1,0
BRDA:236,31,0,1
BRDA:236,31,1,25
BRDA:238,32,0,1
BRDA:238,32,1,24
BRDA:277,33,0,0
BRDA:277,33,1,33
BRDA:280,34,0,20
BRDA:280,34,1,13
BRDA:280,35,0,33
BRDA:280,35,1,22
BRDA:285,36,0,11
BRDA:285,36,1,22
BRDA:305,37,0,22
BRDA:305,37,1,0
BRDA:313,38,0,13
BRDA:313,38,1,9
BRDA:320,39,0,0
BRDA:320,39,1,22
BRDA:321,40,0,0
BRDA:321,40,1,0
BRDA:326,41,0,0
BRDA:326,41,1,18
BRDA:328,42,0,0
BRDA:328,42,1,0
BRDA:333,43,0,9
BRDA:333,43,1,9
BRDA:337,44,0,0
BRDA:337,44,1,18
BRDA:341,45,0,1
BRDA:341,45,1,21
BRDA:341,46,0,22
BRDA:341,46,1,22
BRDA:345,47,0,1
BRDA:345,47,1,2
BRDA:349,48,0,1
BRDA:349,48,1,0
BRDA:351,49,0,1
BRDA:351,49,1,0
BRDA:356,50,0,0
BRDA:356,50,1,2
BRDA:356,51,0,2
BRDA:356,51,1,2
BRDA:362,52,0,0
BRDA:362,52,1,2
BRDA:367,53,0,0
BRDA:367,53,1,22
BRDA:373,54,0,1
BRDA:373,54,1,1
BRDA:386,55,0,4
BRDA:386,55,1,1
BRDA:388,56,0,1
BRDA:388,56,1,3
BRF:116
BRH:88
end_of_record
TN:
SF:/opt/briskhome/src/utilities/helpers.js
FN:13,(anonymous_0)
FN:19,(anonymous_1)
FN:28,(anonymous_2)
FNF:3
FNH:2
FNDA:2,(anonymous_0)
FNDA:10,(anonymous_1)
FNDA:0,(anonymous_2)
DA:13,4
DA:14,2
DA:15,2
DA:16,2
DA:18,2
DA:19,10
DA:20,0
DA:28,4
DA:29,0
DA:35,0
DA:36,0
DA:39,0
DA:40,0
DA:43,0
LF:14
LH:7
BRDA:13,0,0,2
BRDA:19,1,0,0
BRDA:19,1,1,10
BRDA:19,2,0,10
BRDA:19,2,1,10
BRDA:35,3,0,0
BRDA:35,3,1,0
BRDA:39,4,0,0
BRDA:39,4,1,0
BRF:9
BRH:4
end_of_record
TN:
SF:/opt/briskhome/src/utilities/resources.js
FN:15,(anonymous_0)
FN:16,(anonymous_1)
FN:19,(anonymous_2)
FN:32,(anonymous_3)
FNF:4
FNH:0
FNDA:0,(anonymous_0)
FNDA:0,(anonymous_1)
FNDA:0,(anonymous_2)
FNDA:0,(anonymous_3)
DA:15,1
DA:16,0
DA:17,0
DA:18,0
DA:20,0
DA:22,0
DA:24,0
DA:26,0
DA:32,1
DA:33,0
LF:10
LH:2
BRDA:17,0,0,0
BRDA:17,0,1,0
BRDA:20,1,0,0
BRDA:20,1,1,0
BRDA:20,1,2,0
BRF:5
BRH:0
end_of_record
